# JRE version: OpenJDK Runtime Environment (8.0_152-b02) (build 1.8.0_152-release-1024-b02)
# Java VM: OpenJDK 64-Bit Server VM (25.152-b02 mixed mode windows-amd64 compressed oops)
Heap:
 PSYoungGen      total 204288K, used 137201K [0x00000000e0000000, 0x00000000ee280000, 0x0000000100000000)
  eden space 185344K, 68% used [0x00000000e0000000,0x00000000e7cc0ef0,0x00000000eb500000)
  from space 18944K, 49% used [0x00000000ec980000,0x00000000ed2bb810,0x00000000edc00000)
  to   space 20992K, 0% used [0x00000000eb500000,0x00000000eb500000,0x00000000ec980000)
 ParOldGen       total 99840K, used 38412K [0x00000000a0000000, 0x00000000a6180000, 0x00000000e0000000)
  object space 99840K, 38% used [0x00000000a0000000,0x00000000a2583060,0x00000000a6180000)
 Metaspace       used 67209K, capacity 69982K, committed 70272K, reserved 1110016K
  class space    used 8908K, capacity 9492K, committed 9600K, reserved 1048576K
GC Heap History (10 events):
Event: 11.624 GC heap before
{Heap before GC invocations=11 (full 2):
 PSYoungGen      total 165888K, used 165880K [0x00000000e0000000, 0x00000000ece00000, 0x0000000100000000)
  eden space 153088K, 100% used [0x00000000e0000000,0x00000000e9580000,0x00000000e9580000)
  from space 12800K, 99% used [0x00000000ea400000,0x00000000eb07e2c8,0x00000000eb080000)
  to   space 14848K, 0% used [0x00000000e9580000,0x00000000e9580000,0x00000000ea400000)
 ParOldGen       total 99840K, used 21168K [0x00000000a0000000, 0x00000000a6180000, 0x00000000e0000000)
  object space 99840K, 21% used [0x00000000a0000000,0x00000000a14ac110,0x00000000a6180000)
 Metaspace       used 53130K, capacity 54796K, committed 55040K, reserved 1097728K
  class space    used 7243K, capacity 7640K, committed 7680K, reserved 1048576K
Event: 11.650 GC heap after
Heap after GC invocations=11 (full 2):
 PSYoungGen      total 167936K, used 14845K [0x00000000e0000000, 0x00000000edc00000, 0x0000000100000000)
  eden space 153088K, 0% used [0x00000000e0000000,0x00000000e0000000,0x00000000e9580000)
  from space 14848K, 99% used [0x00000000e9580000,0x00000000ea3ff690,0x00000000ea400000)
  to   space 18944K, 0% used [0x00000000ec980000,0x00000000ec980000,0x00000000edc00000)
 ParOldGen       total 99840K, used 26592K [0x00000000a0000000, 0x00000000a6180000, 0x00000000e0000000)
  object space 99840K, 26% used [0x00000000a0000000,0x00000000a19f81c8,0x00000000a6180000)
 Metaspace       used 53130K, capacity 54796K, committed 55040K, reserved 1097728K
  class space    used 7243K, capacity 7640K, committed 7680K, reserved 1048576K
}
Event: 15.977 GC heap before
{Heap before GC invocations=12 (full 2):
 PSYoungGen      total 167936K, used 137769K [0x00000000e0000000, 0x00000000edc00000, 0x0000000100000000)
  eden space 153088K, 80% used [0x00000000e0000000,0x00000000e780add0,0x00000000e9580000)
  from space 14848K, 99% used [0x00000000e9580000,0x00000000ea3ff690,0x00000000ea400000)
  to   space 18944K, 0% used [0x00000000ec980000,0x00000000ec980000,0x00000000edc00000)
 ParOldGen       total 99840K, used 26592K [0x00000000a0000000, 0x00000000a6180000, 0x00000000e0000000)
  object space 99840K, 26% used [0x00000000a0000000,0x00000000a19f81c8,0x00000000a6180000)
 Metaspace       used 57131K, capacity 58930K, committed 59028K, reserved 1099776K
  class space    used 7718K, capacity 8150K, committed 8192K, reserved 1048576K
Event: 16.062 GC heap after
Heap after GC invocations=12 (full 2):
 PSYoungGen      total 204288K, used 16846K [0x00000000e0000000, 0x00000000ee280000, 0x0000000100000000)
  eden space 185344K, 0% used [0x00000000e0000000,0x00000000e0000000,0x00000000eb500000)
  from space 18944K, 88% used [0x00000000ec980000,0x00000000ed9f3bb0,0x00000000edc00000)
  to   space 20992K, 0% used [0x00000000eb500000,0x00000000eb500000,0x00000000ec980000)
 ParOldGen       total 99840K, used 34770K [0x00000000a0000000, 0x00000000a6180000, 0x00000000e0000000)
  object space 99840K, 34% used [0x00000000a0000000,0x00000000a21f4b90,0x00000000a6180000)
 Metaspace       used 57131K, capacity 58930K, committed 59028K, reserved 1099776K
  class space    used 7718K, capacity 8150K, committed 8192K, reserved 1048576K
}
Event: 16.062 GC heap before
{Heap before GC invocations=13 (full 3):
 PSYoungGen      total 204288K, used 16846K [0x00000000e0000000, 0x00000000ee280000, 0x0000000100000000)
  eden space 185344K, 0% used [0x00000000e0000000,0x00000000e0000000,0x00000000eb500000)
  from space 18944K, 88% used [0x00000000ec980000,0x00000000ed9f3bb0,0x00000000edc00000)
  to   space 20992K, 0% used [0x00000000eb500000,0x00000000eb500000,0x00000000ec980000)
 ParOldGen       total 99840K, used 34770K [0x00000000a0000000, 0x00000000a6180000, 0x00000000e0000000)
  object space 99840K, 34% used [0x00000000a0000000,0x00000000a21f4b90,0x00000000a6180000)
 Metaspace       used 57131K, capacity 58930K, committed 59028K, reserved 1099776K
  class space    used 7718K, capacity 8150K, committed 8192K, reserved 1048576K
Event: 16.678 GC heap after
Heap after GC invocations=13 (full 3):
 PSYoungGen      total 204288K, used 0K [0x00000000e0000000, 0x00000000ee280000, 0x0000000100000000)
  eden space 185344K, 0% used [0x00000000e0000000,0x00000000e0000000,0x00000000eb500000)
  from space 18944K, 0% used [0x00000000ec980000,0x00000000ec980000,0x00000000edc00000)
  to   space 20992K, 0% used [0x00000000eb500000,0x00000000eb500000,0x00000000ec980000)
 ParOldGen       total 99840K, used 38396K [0x00000000a0000000, 0x00000000a6180000, 0x00000000e0000000)
  object space 99840K, 38% used [0x00000000a0000000,0x00000000a257f060,0x00000000a6180000)
 Metaspace       used 57131K, capacity 58930K, committed 59028K, reserved 1099776K
  class space    used 7718K, capacity 8150K, committed 8192K, reserved 1048576K
}
Event: 21.984 GC heap before
{Heap before GC invocations=14 (full 3):
 PSYoungGen      total 204288K, used 185223K [0x00000000e0000000, 0x00000000ee280000, 0x0000000100000000)
  eden space 185344K, 99% used [0x00000000e0000000,0x00000000eb4e1e58,0x00000000eb500000)
  from space 18944K, 0% used [0x00000000ec980000,0x00000000ec980000,0x00000000edc00000)
  to   space 20992K, 0% used [0x00000000eb500000,0x00000000eb500000,0x00000000ec980000)
 ParOldGen       total 99840K, used 38396K [0x00000000a0000000, 0x00000000a6180000, 0x00000000e0000000)
  object space 99840K, 38% used [0x00000000a0000000,0x00000000a257f060,0x00000000a6180000)
 Metaspace       used 65900K, capacity 68566K, committed 68864K, reserved 1107968K
  class space    used 8796K, capacity 9346K, committed 9472K, reserved 1048576K
Event: 22.011 GC heap after
Heap after GC invocations=14 (full 3):
 PSYoungGen      total 206336K, used 10329K [0x00000000e0000000, 0x00000000ee280000, 0x0000000100000000)
  eden space 185344K, 0% used [0x00000000e0000000,0x00000000e0000000,0x00000000eb500000)
  from space 20992K, 49% used [0x00000000eb500000,0x00000000ebf16508,0x00000000ec980000)
  to   space 18944K, 0% used [0x00000000ec980000,0x00000000ec980000,0x00000000edc00000)
 ParOldGen       total 99840K, used 38404K [0x00000000a0000000, 0x00000000a6180000, 0x00000000e0000000)
  object space 99840K, 38% used [0x00000000a0000000,0x00000000a2581060,0x00000000a6180000)
 Metaspace       used 65900K, capacity 68566K, committed 68864K, reserved 1107968K
  class space    used 8796K, capacity 9346K, committed 9472K, reserved 1048576K
}
Event: 25.032 GC heap before
{Heap before GC invocations=15 (full 3):
 PSYoungGen      total 206336K, used 195551K [0x00000000e0000000, 0x00000000ee280000, 0x0000000100000000)
  eden space 185344K, 99% used [0x00000000e0000000,0x00000000eb4e1768,0x00000000eb500000)
  from space 20992K, 49% used [0x00000000eb500000,0x00000000ebf16508,0x00000000ec980000)
  to   space 18944K, 0% used [0x00000000ec980000,0x00000000ec980000,0x00000000edc00000)
 ParOldGen       total 99840K, used 38404K [0x00000000a0000000, 0x00000000a6180000, 0x00000000e0000000)
  object space 99840K, 38% used [0x00000000a0000000,0x00000000a2581060,0x00000000a6180000)
 Metaspace       used 66469K, capacity 69148K, committed 69376K, reserved 1110016K
  class space    used 8830K, capacity 9381K, committed 9472K, reserved 1048576K
Event: 25.042 GC heap after
Heap after GC invocations=15 (full 3):
 PSYoungGen      total 204288K, used 9454K [0x00000000e0000000, 0x00000000ee280000, 0x0000000100000000)
  eden space 185344K, 0% used [0x00000000e0000000,0x00000000e0000000,0x00000000eb500000)
  from space 18944K, 49% used [0x00000000ec980000,0x00000000ed2bb810,0x00000000edc00000)
  to   space 20992K, 0% used [0x00000000eb500000,0x00000000eb500000,0x00000000ec980000)
 ParOldGen       total 99840K, used 38412K [0x00000000a0000000, 0x00000000a6180000, 0x00000000e0000000)
  object space 99840K, 38% used [0x00000000a0000000,0x00000000a2583060,0x00000000a6180000)
 Metaspace       used 66469K, capacity 69148K, committed 69376K, reserved 1110016K
  class space    used 8830K, capacity 9381K, committed 9472K, reserved 1048576K
}

