# JRE version: OpenJDK Runtime Environment (8.0_152-b02) (build 1.8.0_152-release-1024-b02)
# Java VM: OpenJDK 64-Bit Server VM (25.152-b02 mixed mode windows-amd64 compressed oops)
Heap:
 PSYoungGen      total 248320K, used 27183K [0x00000000e0000000, 0x00000000f0900000, 0x0000000100000000)
  eden space 227840K, 5% used [0x00000000e0000000,0x00000000e0c36250,0x00000000ede80000)
  from space 20480K, 71% used [0x00000000ef300000,0x00000000f0155cd0,0x00000000f0700000)
  to   space 20992K, 0% used [0x00000000ede80000,0x00000000ede80000,0x00000000ef300000)
 ParOldGen       total 147968K, used 34660K [0x00000000a0000000, 0x00000000a9080000, 0x00000000e0000000)
  object space 147968K, 23% used [0x00000000a0000000,0x00000000a21d9238,0x00000000a9080000)
 Metaspace       used 62972K, capacity 64916K, committed 65024K, reserved 1105920K
  class space    used 8443K, capacity 8889K, committed 8960K, reserved 1048576K
GC Heap History (10 events):
Event: 11.908 GC heap before
{Heap before GC invocations=11 (full 2):
 PSYoungGen      total 167424K, used 167397K [0x00000000e0000000, 0x00000000ecd00000, 0x0000000100000000)
  eden space 154624K, 100% used [0x00000000e0000000,0x00000000e9700000,0x00000000e9700000)
  from space 12800K, 99% used [0x00000000ea580000,0x00000000eb1f9578,0x00000000eb200000)
  to   space 14848K, 0% used [0x00000000e9700000,0x00000000e9700000,0x00000000ea580000)
 ParOldGen       total 100864K, used 21143K [0x00000000a0000000, 0x00000000a6280000, 0x00000000e0000000)
  object space 100864K, 20% used [0x00000000a0000000,0x00000000a14a5f28,0x00000000a6280000)
 Metaspace       used 53167K, capacity 54828K, committed 55040K, reserved 1097728K
  class space    used 7241K, capacity 7608K, committed 7680K, reserved 1048576K
Event: 11.944 GC heap after
Heap after GC invocations=11 (full 2):
 PSYoungGen      total 169472K, used 14836K [0x00000000e0000000, 0x00000000ede00000, 0x0000000100000000)
  eden space 154624K, 0% used [0x00000000e0000000,0x00000000e0000000,0x00000000e9700000)
  from space 14848K, 99% used [0x00000000e9700000,0x00000000ea57d1b0,0x00000000ea580000)
  to   space 18944K, 0% used [0x00000000ecb80000,0x00000000ecb80000,0x00000000ede00000)
 ParOldGen       total 100864K, used 26513K [0x00000000a0000000, 0x00000000a6280000, 0x00000000e0000000)
  object space 100864K, 26% used [0x00000000a0000000,0x00000000a19e44a0,0x00000000a6280000)
 Metaspace       used 53167K, capacity 54828K, committed 55040K, reserved 1097728K
  class space    used 7241K, capacity 7608K, committed 7680K, reserved 1048576K
}
Event: 14.002 GC heap before
{Heap before GC invocations=12 (full 2):
 PSYoungGen      total 169472K, used 93770K [0x00000000e0000000, 0x00000000ede00000, 0x0000000100000000)
  eden space 154624K, 51% used [0x00000000e0000000,0x00000000e4d15750,0x00000000e9700000)
  from space 14848K, 99% used [0x00000000e9700000,0x00000000ea57d1b0,0x00000000ea580000)
  to   space 18944K, 0% used [0x00000000ecb80000,0x00000000ecb80000,0x00000000ede00000)
 ParOldGen       total 100864K, used 26513K [0x00000000a0000000, 0x00000000a6280000, 0x00000000e0000000)
  object space 100864K, 26% used [0x00000000a0000000,0x00000000a19e44a0,0x00000000a6280000)
 Metaspace       used 57278K, capacity 58956K, committed 59028K, reserved 1099776K
  class space    used 7789K, capacity 8183K, committed 8192K, reserved 1048576K
Event: 14.042 GC heap after
Heap after GC invocations=12 (full 2):
 PSYoungGen      total 207872K, used 12969K [0x00000000e0000000, 0x00000000edf80000, 0x0000000100000000)
  eden space 188928K, 0% used [0x00000000e0000000,0x00000000e0000000,0x00000000eb880000)
  from space 18944K, 68% used [0x00000000ecb80000,0x00000000ed82a7f8,0x00000000ede00000)
  to   space 19456K, 0% used [0x00000000eb880000,0x00000000eb880000,0x00000000ecb80000)
 ParOldGen       total 100864K, used 34618K [0x00000000a0000000, 0x00000000a6280000, 0x00000000e0000000)
  object space 100864K, 34% used [0x00000000a0000000,0x00000000a21cebe8,0x00000000a6280000)
 Metaspace       used 57278K, capacity 58956K, committed 59028K, reserved 1099776K
  class space    used 7789K, capacity 8183K, committed 8192K, reserved 1048576K
}
Event: 14.042 GC heap before
{Heap before GC invocations=13 (full 3):
 PSYoungGen      total 207872K, used 12969K [0x00000000e0000000, 0x00000000edf80000, 0x0000000100000000)
  eden space 188928K, 0% used [0x00000000e0000000,0x00000000e0000000,0x00000000eb880000)
  from space 18944K, 68% used [0x00000000ecb80000,0x00000000ed82a7f8,0x00000000ede00000)
  to   space 19456K, 0% used [0x00000000eb880000,0x00000000eb880000,0x00000000ecb80000)
 ParOldGen       total 100864K, used 34618K [0x00000000a0000000, 0x00000000a6280000, 0x00000000e0000000)
  object space 100864K, 34% used [0x00000000a0000000,0x00000000a21cebe8,0x00000000a6280000)
 Metaspace       used 57278K, capacity 58956K, committed 59028K, reserved 1099776K
  class space    used 7789K, capacity 8183K, committed 8192K, reserved 1048576K
Event: 14.294 GC heap after
Heap after GC invocations=13 (full 3):
 PSYoungGen      total 207872K, used 0K [0x00000000e0000000, 0x00000000edf80000, 0x0000000100000000)
  eden space 188928K, 0% used [0x00000000e0000000,0x00000000e0000000,0x00000000eb880000)
  from space 18944K, 0% used [0x00000000ecb80000,0x00000000ecb80000,0x00000000ede00000)
  to   space 19456K, 0% used [0x00000000eb880000,0x00000000eb880000,0x00000000ecb80000)
 ParOldGen       total 147968K, used 34644K [0x00000000a0000000, 0x00000000a9080000, 0x00000000e0000000)
  object space 147968K, 23% used [0x00000000a0000000,0x00000000a21d5238,0x00000000a9080000)
 Metaspace       used 57278K, capacity 58956K, committed 59028K, reserved 1099776K
  class space    used 7789K, capacity 8183K, committed 8192K, reserved 1048576K
}
Event: 17.181 GC heap before
{Heap before GC invocations=14 (full 3):
 PSYoungGen      total 207872K, used 188870K [0x00000000e0000000, 0x00000000edf80000, 0x0000000100000000)
  eden space 188928K, 99% used [0x00000000e0000000,0x00000000eb871ba0,0x00000000eb880000)
  from space 18944K, 0% used [0x00000000ecb80000,0x00000000ecb80000,0x00000000ede00000)
  to   space 19456K, 0% used [0x00000000eb880000,0x00000000eb880000,0x00000000ecb80000)
 ParOldGen       total 147968K, used 34644K [0x00000000a0000000, 0x00000000a9080000, 0x00000000e0000000)
  object space 147968K, 23% used [0x00000000a0000000,0x00000000a21d5238,0x00000000a9080000)
 Metaspace       used 62240K, capacity 64034K, committed 64128K, reserved 1103872K
  class space    used 8342K, capacity 8774K, committed 8832K, reserved 1048576K
Event: 17.221 GC heap after
Heap after GC invocations=14 (full 3):
 PSYoungGen      total 208384K, used 15615K [0x00000000e0000000, 0x00000000f0700000, 0x0000000100000000)
  eden space 188928K, 0% used [0x00000000e0000000,0x00000000e0000000,0x00000000eb880000)
  from space 19456K, 80% used [0x00000000eb880000,0x00000000ec7bfcd8,0x00000000ecb80000)
  to   space 20480K, 0% used [0x00000000ef300000,0x00000000ef300000,0x00000000f0700000)
 ParOldGen       total 147968K, used 34652K [0x00000000a0000000, 0x00000000a9080000, 0x00000000e0000000)
  object space 147968K, 23% used [0x00000000a0000000,0x00000000a21d7238,0x00000000a9080000)
 Metaspace       used 62240K, capacity 64034K, committed 64128K, reserved 1103872K
  class space    used 8342K, capacity 8774K, committed 8832K, reserved 1048576K
}
Event: 18.366 GC heap before
{Heap before GC invocations=15 (full 3):
 PSYoungGen      total 208384K, used 204543K [0x00000000e0000000, 0x00000000f0700000, 0x0000000100000000)
  eden space 188928K, 100% used [0x00000000e0000000,0x00000000eb880000,0x00000000eb880000)
  from space 19456K, 80% used [0x00000000eb880000,0x00000000ec7bfcd8,0x00000000ecb80000)
  to   space 20480K, 0% used [0x00000000ef300000,0x00000000ef300000,0x00000000f0700000)
 ParOldGen       total 147968K, used 34652K [0x00000000a0000000, 0x00000000a9080000, 0x00000000e0000000)
  object space 147968K, 23% used [0x00000000a0000000,0x00000000a21d7238,0x00000000a9080000)
 Metaspace       used 62719K, capacity 64612K, committed 64640K, reserved 1105920K
  class space    used 8407K, capacity 8829K, committed 8832K, reserved 1048576K
Event: 18.388 GC heap after
Heap after GC invocations=15 (full 3):
 PSYoungGen      total 248320K, used 14679K [0x00000000e0000000, 0x00000000f0900000, 0x0000000100000000)
  eden space 227840K, 0% used [0x00000000e0000000,0x00000000e0000000,0x00000000ede80000)
  from space 20480K, 71% used [0x00000000ef300000,0x00000000f0155cd0,0x00000000f0700000)
  to   space 20992K, 0% used [0x00000000ede80000,0x00000000ede80000,0x00000000ef300000)
 ParOldGen       total 147968K, used 34660K [0x00000000a0000000, 0x00000000a9080000, 0x00000000e0000000)
  object space 147968K, 23% used [0x00000000a0000000,0x00000000a21d9238,0x00000000a9080000)
 Metaspace       used 62719K, capacity 64612K, committed 64640K, reserved 1105920K
  class space    used 8407K, capacity 8829K, committed 8832K, reserved 1048576K
}

