# JRE version: OpenJDK Runtime Environment (8.0_152-b02) (build 1.8.0_152-release-1024-b02)
# Java VM: OpenJDK 64-Bit Server VM (25.152-b02 mixed mode windows-amd64 compressed oops)
Heap:
 PSYoungGen      total 374272K, used 44742K [0x00000000e0000000, 0x00000000fd500000, 0x0000000100000000)
  eden space 315392K, 0% used [0x00000000e0000000,0x00000000e0254250,0x00000000f3400000)
  from space 58880K, 71% used [0x00000000f7000000,0x00000000f995d740,0x00000000fa980000)
  to   space 61440K, 0% used [0x00000000f3400000,0x00000000f3400000,0x00000000f7000000)
 ParOldGen       total 208384K, used 90795K [0x00000000a0000000, 0x00000000acb80000, 0x00000000e0000000)
  object space 208384K, 43% used [0x00000000a0000000,0x00000000a58aae50,0x00000000acb80000)
 Metaspace       used 65858K, capacity 67597K, committed 68248K, reserved 1110016K
  class space    used 7323K, capacity 7698K, committed 7856K, reserved 1048576K
GC Heap History (10 events):
Event: 7900.643 GC heap before
{Heap before GC invocations=28 (full 5):
 PSYoungGen      total 320512K, used 296107K [0x00000000e0000000, 0x00000000f6c00000, 0x0000000100000000)
  eden space 269312K, 100% used [0x00000000e0000000,0x00000000f0700000,0x00000000f0700000)
  from space 51200K, 52% used [0x00000000f3a00000,0x00000000f542ae70,0x00000000f6c00000)
  to   space 51712K, 0% used [0x00000000f0700000,0x00000000f0700000,0x00000000f3980000)
 ParOldGen       total 208384K, used 90184K [0x00000000a0000000, 0x00000000acb80000, 0x00000000e0000000)
  object space 208384K, 43% used [0x00000000a0000000,0x00000000a58123a0,0x00000000acb80000)
 Metaspace       used 64968K, capacity 66397K, committed 67096K, reserved 1107968K
  class space    used 7253K, capacity 7592K, committed 7728K, reserved 1048576K
Event: 7900.708 GC heap after
Heap after GC invocations=28 (full 5):
 PSYoungGen      total 321024K, used 11124K [0x00000000e0000000, 0x00000000f9c00000, 0x0000000100000000)
  eden space 269312K, 0% used [0x00000000e0000000,0x00000000e0000000,0x00000000f0700000)
  from space 51712K, 21% used [0x00000000f0700000,0x00000000f11dd0b8,0x00000000f3980000)
  to   space 51712K, 0% used [0x00000000f6980000,0x00000000f6980000,0x00000000f9c00000)
 ParOldGen       total 208384K, used 113747K [0x00000000a0000000, 0x00000000acb80000, 0x00000000e0000000)
  object space 208384K, 54% used [0x00000000a0000000,0x00000000a6f14e18,0x00000000acb80000)
 Metaspace       used 64968K, capacity 66397K, committed 67096K, reserved 1107968K
  class space    used 7253K, capacity 7592K, committed 7728K, reserved 1048576K
}
Event: 7905.004 GC heap before
{Heap before GC invocations=29 (full 5):
 PSYoungGen      total 321024K, used 280436K [0x00000000e0000000, 0x00000000f9c00000, 0x0000000100000000)
  eden space 269312K, 100% used [0x00000000e0000000,0x00000000f0700000,0x00000000f0700000)
  from space 51712K, 21% used [0x00000000f0700000,0x00000000f11dd0b8,0x00000000f3980000)
  to   space 51712K, 0% used [0x00000000f6980000,0x00000000f6980000,0x00000000f9c00000)
 ParOldGen       total 208384K, used 113747K [0x00000000a0000000, 0x00000000acb80000, 0x00000000e0000000)
  object space 208384K, 54% used [0x00000000a0000000,0x00000000a6f14e18,0x00000000acb80000)
 Metaspace       used 65529K, capacity 67045K, committed 67608K, reserved 1110016K
  class space    used 7304K, capacity 7634K, committed 7728K, reserved 1048576K
Event: 7905.079 GC heap after
Heap after GC invocations=29 (full 5):
 PSYoungGen      total 360960K, used 51700K [0x00000000e0000000, 0x00000000fad80000, 0x0000000100000000)
  eden space 309248K, 0% used [0x00000000e0000000,0x00000000e0000000,0x00000000f2e00000)
  from space 51712K, 99% used [0x00000000f6980000,0x00000000f9bfd3a0,0x00000000f9c00000)
  to   space 60928K, 0% used [0x00000000f2e00000,0x00000000f2e00000,0x00000000f6980000)
 ParOldGen       total 208384K, used 118182K [0x00000000a0000000, 0x00000000acb80000, 0x00000000e0000000)
  object space 208384K, 56% used [0x00000000a0000000,0x00000000a7369ab8,0x00000000acb80000)
 Metaspace       used 65529K, capacity 67045K, committed 67608K, reserved 1110016K
  class space    used 7304K, capacity 7634K, committed 7728K, reserved 1048576K
}
Event: 7915.966 GC heap before
{Heap before GC invocations=30 (full 5):
 PSYoungGen      total 360960K, used 194026K [0x00000000e0000000, 0x00000000fad80000, 0x0000000100000000)
  eden space 309248K, 46% used [0x00000000e0000000,0x00000000e8afd600,0x00000000f2e00000)
  from space 51712K, 99% used [0x00000000f6980000,0x00000000f9bfd3a0,0x00000000f9c00000)
  to   space 60928K, 0% used [0x00000000f2e00000,0x00000000f2e00000,0x00000000f6980000)
 ParOldGen       total 208384K, used 118182K [0x00000000a0000000, 0x00000000acb80000, 0x00000000e0000000)
  object space 208384K, 56% used [0x00000000a0000000,0x00000000a7369ab8,0x00000000acb80000)
 Metaspace       used 65660K, capacity 67221K, committed 67864K, reserved 1110016K
  class space    used 7308K, capacity 7640K, committed 7728K, reserved 1048576K
Event: 7916.085 GC heap after
Heap after GC invocations=30 (full 5):
 PSYoungGen      total 370176K, used 31424K [0x00000000e0000000, 0x00000000fa980000, 0x0000000100000000)
  eden space 309248K, 0% used [0x00000000e0000000,0x00000000e0000000,0x00000000f2e00000)
  from space 60928K, 51% used [0x00000000f2e00000,0x00000000f4cb0010,0x00000000f6980000)
  to   space 58880K, 0% used [0x00000000f7000000,0x00000000f7000000,0x00000000fa980000)
 ParOldGen       total 208384K, used 169397K [0x00000000a0000000, 0x00000000acb80000, 0x00000000e0000000)
  object space 208384K, 81% used [0x00000000a0000000,0x00000000aa56d670,0x00000000acb80000)
 Metaspace       used 65660K, capacity 67221K, committed 67864K, reserved 1110016K
  class space    used 7308K, capacity 7640K, committed 7728K, reserved 1048576K
}
Event: 7916.085 GC heap before
{Heap before GC invocations=31 (full 6):
 PSYoungGen      total 370176K, used 31424K [0x00000000e0000000, 0x00000000fa980000, 0x0000000100000000)
  eden space 309248K, 0% used [0x00000000e0000000,0x00000000e0000000,0x00000000f2e00000)
  from space 60928K, 51% used [0x00000000f2e00000,0x00000000f4cb0010,0x00000000f6980000)
  to   space 58880K, 0% used [0x00000000f7000000,0x00000000f7000000,0x00000000fa980000)
 ParOldGen       total 208384K, used 169397K [0x00000000a0000000, 0x00000000acb80000, 0x00000000e0000000)
  object space 208384K, 81% used [0x00000000a0000000,0x00000000aa56d670,0x00000000acb80000)
 Metaspace       used 65660K, capacity 67221K, committed 67864K, reserved 1110016K
  class space    used 7308K, capacity 7640K, committed 7728K, reserved 1048576K
Event: 7916.879 GC heap after
Heap after GC invocations=31 (full 6):
 PSYoungGen      total 370176K, used 0K [0x00000000e0000000, 0x00000000fa980000, 0x0000000100000000)
  eden space 309248K, 0% used [0x00000000e0000000,0x00000000e0000000,0x00000000f2e00000)
  from space 60928K, 0% used [0x00000000f2e00000,0x00000000f2e00000,0x00000000f6980000)
  to   space 58880K, 0% used [0x00000000f7000000,0x00000000f7000000,0x00000000fa980000)
 ParOldGen       total 208384K, used 90787K [0x00000000a0000000, 0x00000000acb80000, 0x00000000e0000000)
  object space 208384K, 43% used [0x00000000a0000000,0x00000000a58a8e50,0x00000000acb80000)
 Metaspace       used 64859K, capacity 66257K, committed 67864K, reserved 1110016K
  class space    used 7204K, capacity 7482K, committed 7728K, reserved 1048576K
}
Event: 7960.670 GC heap before
{Heap before GC invocations=32 (full 6):
 PSYoungGen      total 370176K, used 309248K [0x00000000e0000000, 0x00000000fa980000, 0x0000000100000000)
  eden space 309248K, 100% used [0x00000000e0000000,0x00000000f2e00000,0x00000000f2e00000)
  from space 60928K, 0% used [0x00000000f2e00000,0x00000000f2e00000,0x00000000f6980000)
  to   space 58880K, 0% used [0x00000000f7000000,0x00000000f7000000,0x00000000fa980000)
 ParOldGen       total 208384K, used 90787K [0x00000000a0000000, 0x00000000acb80000, 0x00000000e0000000)
  object space 208384K, 43% used [0x00000000a0000000,0x00000000a58a8e50,0x00000000acb80000)
 Metaspace       used 65858K, capacity 67597K, committed 68248K, reserved 1110016K
  class space    used 7323K, capacity 7698K, committed 7856K, reserved 1048576K
Event: 7960.775 GC heap after
Heap after GC invocations=32 (full 6):
 PSYoungGen      total 374272K, used 42357K [0x00000000e0000000, 0x00000000fd500000, 0x0000000100000000)
  eden space 315392K, 0% used [0x00000000e0000000,0x00000000e0000000,0x00000000f3400000)
  from space 58880K, 71% used [0x00000000f7000000,0x00000000f995d740,0x00000000fa980000)
  to   space 61440K, 0% used [0x00000000f3400000,0x00000000f3400000,0x00000000f7000000)
 ParOldGen       total 208384K, used 90795K [0x00000000a0000000, 0x00000000acb80000, 0x00000000e0000000)
  object space 208384K, 43% used [0x00000000a0000000,0x00000000a58aae50,0x00000000acb80000)
 Metaspace       used 65858K, capacity 67597K, committed 68248K, reserved 1110016K
  class space    used 7323K, capacity 7698K, committed 7856K, reserved 1048576K
}

