# JRE version: OpenJDK Runtime Environment (8.0_152-b02) (build 1.8.0_152-release-1024-b02)
# Java VM: OpenJDK 64-Bit Server VM (25.152-b02 mixed mode windows-amd64 compressed oops)
Heap:
 PSYoungGen      total 254976K, used 91376K [0x00000000e0000000, 0x00000000f1880000, 0x0000000100000000)
  eden space 228864K, 36% used [0x00000000e0000000,0x00000000e50cc748,0x00000000edf80000)
  from space 26112K, 33% used [0x00000000eff00000,0x00000000f076f8b8,0x00000000f1880000)
  to   space 29184K, 0% used [0x00000000edf80000,0x00000000edf80000,0x00000000efc00000)
 ParOldGen       total 128000K, used 97344K [0x00000000a0000000, 0x00000000a7d00000, 0x00000000e0000000)
  object space 128000K, 76% used [0x00000000a0000000,0x00000000a5f10290,0x00000000a7d00000)
 Metaspace       used 56485K, capacity 57518K, committed 57728K, reserved 1099776K
  class space    used 6751K, capacity 7003K, committed 7040K, reserved 1048576K
GC Heap History (10 events):
Event: 13.620 GC heap before
{Heap before GC invocations=13 (full 3):
 PSYoungGen      total 92672K, used 92252K [0x00000000e0000000, 0x00000000e9700000, 0x0000000100000000)
  eden space 71168K, 99% used [0x00000000e0000000,0x00000000e451a550,0x00000000e4580000)
  from space 21504K, 99% used [0x00000000e4580000,0x00000000e5a7cc50,0x00000000e5a80000)
  to   space 28160K, 0% used [0x00000000e7b80000,0x00000000e7b80000,0x00000000e9700000)
 ParOldGen       total 128000K, used 75522K [0x00000000a0000000, 0x00000000a7d00000, 0x00000000e0000000)
  object space 128000K, 59% used [0x00000000a0000000,0x00000000a49c0ac0,0x00000000a7d00000)
 Metaspace       used 47357K, capacity 48222K, committed 48640K, reserved 1091584K
  class space    used 5922K, capacity 6121K, committed 6144K, reserved 1048576K
Event: 13.664 GC heap after
Heap after GC invocations=13 (full 3):
 PSYoungGen      total 124928K, used 21599K [0x00000000e0000000, 0x00000000ea300000, 0x0000000100000000)
  eden space 96768K, 0% used [0x00000000e0000000,0x00000000e0000000,0x00000000e5e80000)
  from space 28160K, 76% used [0x00000000e7b80000,0x00000000e9097e60,0x00000000e9700000)
  to   space 29696K, 0% used [0x00000000e5e80000,0x00000000e5e80000,0x00000000e7b80000)
 ParOldGen       total 128000K, used 75530K [0x00000000a0000000, 0x00000000a7d00000, 0x00000000e0000000)
  object space 128000K, 59% used [0x00000000a0000000,0x00000000a49c2ac0,0x00000000a7d00000)
 Metaspace       used 47357K, capacity 48222K, committed 48640K, reserved 1091584K
  class space    used 5922K, capacity 6121K, committed 6144K, reserved 1048576K
}
Event: 13.676 GC heap before
{Heap before GC invocations=14 (full 3):
 PSYoungGen      total 124928K, used 88910K [0x00000000e0000000, 0x00000000ea300000, 0x0000000100000000)
  eden space 96768K, 69% used [0x00000000e0000000,0x00000000e41bbd80,0x00000000e5e80000)
  from space 28160K, 76% used [0x00000000e7b80000,0x00000000e9097e60,0x00000000e9700000)
  to   space 29696K, 0% used [0x00000000e5e80000,0x00000000e5e80000,0x00000000e7b80000)
 ParOldGen       total 128000K, used 75530K [0x00000000a0000000, 0x00000000a7d00000, 0x00000000e0000000)
  object space 128000K, 59% used [0x00000000a0000000,0x00000000a49c2ac0,0x00000000a7d00000)
 Metaspace       used 47365K, capacity 48230K, committed 48640K, reserved 1091584K
  class space    used 5925K, capacity 6123K, committed 6144K, reserved 1048576K
Event: 13.707 GC heap after
Heap after GC invocations=14 (full 3):
 PSYoungGen      total 126464K, used 23418K [0x00000000e0000000, 0x00000000ed100000, 0x0000000100000000)
  eden space 96768K, 0% used [0x00000000e0000000,0x00000000e0000000,0x00000000e5e80000)
  from space 29696K, 78% used [0x00000000e5e80000,0x00000000e755e980,0x00000000e7b80000)
  to   space 31744K, 0% used [0x00000000eb200000,0x00000000eb200000,0x00000000ed100000)
 ParOldGen       total 128000K, used 84037K [0x00000000a0000000, 0x00000000a7d00000, 0x00000000e0000000)
  object space 128000K, 65% used [0x00000000a0000000,0x00000000a5211490,0x00000000a7d00000)
 Metaspace       used 47365K, capacity 48230K, committed 48640K, reserved 1091584K
  class space    used 5925K, capacity 6123K, committed 6144K, reserved 1048576K
}
Event: 13.830 GC heap before
{Heap before GC invocations=15 (full 3):
 PSYoungGen      total 126464K, used 82399K [0x00000000e0000000, 0x00000000ed100000, 0x0000000100000000)
  eden space 96768K, 60% used [0x00000000e0000000,0x00000000e3999588,0x00000000e5e80000)
  from space 29696K, 78% used [0x00000000e5e80000,0x00000000e755e980,0x00000000e7b80000)
  to   space 31744K, 0% used [0x00000000eb200000,0x00000000eb200000,0x00000000ed100000)
 ParOldGen       total 128000K, used 84037K [0x00000000a0000000, 0x00000000a7d00000, 0x00000000e0000000)
  object space 128000K, 65% used [0x00000000a0000000,0x00000000a5211490,0x00000000a7d00000)
 Metaspace       used 48186K, capacity 49072K, committed 49536K, reserved 1093632K
  class space    used 6032K, capacity 6230K, committed 6272K, reserved 1048576K
Event: 13.853 GC heap after
Heap after GC invocations=15 (full 3):
 PSYoungGen      total 179200K, used 11135K [0x00000000e0000000, 0x00000000ece80000, 0x0000000100000000)
  eden space 150016K, 0% used [0x00000000e0000000,0x00000000e0000000,0x00000000e9280000)
  from space 29184K, 38% used [0x00000000eb200000,0x00000000ebcdff18,0x00000000ece80000)
  to   space 30720K, 0% used [0x00000000e9280000,0x00000000e9280000,0x00000000eb080000)
 ParOldGen       total 128000K, used 97160K [0x00000000a0000000, 0x00000000a7d00000, 0x00000000e0000000)
  object space 128000K, 75% used [0x00000000a0000000,0x00000000a5ee2290,0x00000000a7d00000)
 Metaspace       used 48186K, capacity 49072K, committed 49536K, reserved 1093632K
  class space    used 6032K, capacity 6230K, committed 6272K, reserved 1048576K
}
Event: 13.889 GC heap before
{Heap before GC invocations=16 (full 3):
 PSYoungGen      total 179200K, used 124452K [0x00000000e0000000, 0x00000000ece80000, 0x0000000100000000)
  eden space 150016K, 75% used [0x00000000e0000000,0x00000000e6ea94e0,0x00000000e9280000)
  from space 29184K, 38% used [0x00000000eb200000,0x00000000ebcdff18,0x00000000ece80000)
  to   space 30720K, 0% used [0x00000000e9280000,0x00000000e9280000,0x00000000eb080000)
 ParOldGen       total 128000K, used 97160K [0x00000000a0000000, 0x00000000a7d00000, 0x00000000e0000000)
  object space 128000K, 75% used [0x00000000a0000000,0x00000000a5ee2290,0x00000000a7d00000)
 Metaspace       used 48412K, capacity 49250K, committed 49536K, reserved 1093632K
  class space    used 6069K, capacity 6265K, committed 6272K, reserved 1048576K
Event: 13.897 GC heap after
Heap after GC invocations=16 (full 3):
 PSYoungGen      total 180736K, used 10721K [0x00000000e0000000, 0x00000000f1c00000, 0x0000000100000000)
  eden space 150016K, 0% used [0x00000000e0000000,0x00000000e0000000,0x00000000e9280000)
  from space 30720K, 34% used [0x00000000e9280000,0x00000000e9cf87e0,0x00000000eb080000)
  to   space 29696K, 0% used [0x00000000eff00000,0x00000000eff00000,0x00000000f1c00000)
 ParOldGen       total 128000K, used 97192K [0x00000000a0000000, 0x00000000a7d00000, 0x00000000e0000000)
  object space 128000K, 75% used [0x00000000a0000000,0x00000000a5eea290,0x00000000a7d00000)
 Metaspace       used 48412K, capacity 49250K, committed 49536K, reserved 1093632K
  class space    used 6069K, capacity 6265K, committed 6272K, reserved 1048576K
}
Event: 17.658 GC heap before
{Heap before GC invocations=17 (full 3):
 PSYoungGen      total 180736K, used 160737K [0x00000000e0000000, 0x00000000f1c00000, 0x0000000100000000)
  eden space 150016K, 100% used [0x00000000e0000000,0x00000000e9280000,0x00000000e9280000)
  from space 30720K, 34% used [0x00000000e9280000,0x00000000e9cf87e0,0x00000000eb080000)
  to   space 29696K, 0% used [0x00000000eff00000,0x00000000eff00000,0x00000000f1c00000)
 ParOldGen       total 128000K, used 97192K [0x00000000a0000000, 0x00000000a7d00000, 0x00000000e0000000)
  object space 128000K, 75% used [0x00000000a0000000,0x00000000a5eea290,0x00000000a7d00000)
 Metaspace       used 49976K, capacity 50912K, committed 51200K, reserved 1093632K
  class space    used 6132K, capacity 6378K, committed 6400K, reserved 1048576K
Event: 17.674 GC heap after
Heap after GC invocations=17 (full 3):
 PSYoungGen      total 254976K, used 8638K [0x00000000e0000000, 0x00000000f1880000, 0x0000000100000000)
  eden space 228864K, 0% used [0x00000000e0000000,0x00000000e0000000,0x00000000edf80000)
  from space 26112K, 33% used [0x00000000eff00000,0x00000000f076f8b8,0x00000000f1880000)
  to   space 29184K, 0% used [0x00000000edf80000,0x00000000edf80000,0x00000000efc00000)
 ParOldGen       total 128000K, used 97344K [0x00000000a0000000, 0x00000000a7d00000, 0x00000000e0000000)
  object space 128000K, 76% used [0x00000000a0000000,0x00000000a5f10290,0x00000000a7d00000)
 Metaspace       used 49976K, capacity 50912K, committed 51200K, reserved 1093632K
  class space    used 6132K, capacity 6378K, committed 6400K, reserved 1048576K
}

