# JRE version: OpenJDK Runtime Environment (8.0_152-b02) (build 1.8.0_152-release-1024-b02)
# Java VM: OpenJDK 64-Bit Server VM (25.152-b02 mixed mode windows-amd64 compressed oops)
Heap:
 PSYoungGen      total 195072K, used 194278K [0x00000000e0000000, 0x00000000ee680000, 0x0000000100000000)
  eden space 166400K, 99% used [0x00000000e0000000,0x00000000ea1c0d28,0x00000000ea280000)
  from space 28672K, 99% used [0x00000000ea780000,0x00000000ec378da0,0x00000000ec380000)
  to   space 34816K, 0% used [0x00000000ec480000,0x00000000ec480000,0x00000000ee680000)
 ParOldGen       total 147968K, used 39683K [0x00000000a0000000, 0x00000000a9080000, 0x00000000e0000000)
  object space 147968K, 26% used [0x00000000a0000000,0x00000000a26c0f28,0x00000000a9080000)
 Metaspace       used 91109K, capacity 93861K, committed 95360K, reserved 1132544K
  class space    used 11512K, capacity 12117K, committed 12416K, reserved 1048576K
GC Heap History (10 events):
Event: 5172.553 GC heap before
{Heap before GC invocations=25 (full 4):
 PSYoungGen      total 199680K, used 182784K [0x00000000e0000000, 0x00000000ee580000, 0x0000000100000000)
  eden space 182784K, 100% used [0x00000000e0000000,0x00000000eb280000,0x00000000eb280000)
  from space 16896K, 0% used [0x00000000ed500000,0x00000000ed500000,0x00000000ee580000)
  to   space 26112K, 0% used [0x00000000eb280000,0x00000000eb280000,0x00000000ecc00000)
 ParOldGen       total 147968K, used 31891K [0x00000000a0000000, 0x00000000a9080000, 0x00000000e0000000)
  object space 147968K, 21% used [0x00000000a0000000,0x00000000a1f24db8,0x00000000a9080000)
 Metaspace       used 76212K, capacity 78365K, committed 80768K, reserved 1120256K
  class space    used 9816K, capacity 10369K, committed 10880K, reserved 1048576K
Event: 5172.579 GC heap after
Heap after GC invocations=25 (full 4):
 PSYoungGen      total 196096K, used 18453K [0x00000000e0000000, 0x00000000ee300000, 0x0000000100000000)
  eden space 177152K, 0% used [0x00000000e0000000,0x00000000e0000000,0x00000000ead00000)
  from space 18944K, 97% used [0x00000000eb280000,0x00000000ec4854d0,0x00000000ec500000)
  to   space 27648K, 0% used [0x00000000ec800000,0x00000000ec800000,0x00000000ee300000)
 ParOldGen       total 147968K, used 31899K [0x00000000a0000000, 0x00000000a9080000, 0x00000000e0000000)
  object space 147968K, 21% used [0x00000000a0000000,0x00000000a1f26db8,0x00000000a9080000)
 Metaspace       used 76212K, capacity 78365K, committed 80768K, reserved 1120256K
  class space    used 9816K, capacity 10369K, committed 10880K, reserved 1048576K
}
Event: 5192.247 GC heap before
{Heap before GC invocations=26 (full 4):
 PSYoungGen      total 196096K, used 195470K [0x00000000e0000000, 0x00000000ee300000, 0x0000000100000000)
  eden space 177152K, 99% used [0x00000000e0000000,0x00000000eacde388,0x00000000ead00000)
  from space 18944K, 97% used [0x00000000eb280000,0x00000000ec4854d0,0x00000000ec500000)
  to   space 27648K, 0% used [0x00000000ec800000,0x00000000ec800000,0x00000000ee300000)
 ParOldGen       total 147968K, used 31899K [0x00000000a0000000, 0x00000000a9080000, 0x00000000e0000000)
  object space 147968K, 21% used [0x00000000a0000000,0x00000000a1f26db8,0x00000000a9080000)
 Metaspace       used 80573K, capacity 82813K, committed 85120K, reserved 1122304K
  class space    used 10354K, capacity 10883K, committed 11392K, reserved 1048576K
Event: 5192.283 GC heap after
Heap after GC invocations=26 (full 4):
 PSYoungGen      total 195584K, used 20007K [0x00000000e0000000, 0x00000000edf80000, 0x0000000100000000)
  eden space 171520K, 0% used [0x00000000e0000000,0x00000000e0000000,0x00000000ea780000)
  from space 24064K, 83% used [0x00000000ec800000,0x00000000edb89dc8,0x00000000edf80000)
  to   space 28672K, 0% used [0x00000000ea780000,0x00000000ea780000,0x00000000ec380000)
 ParOldGen       total 147968K, used 31907K [0x00000000a0000000, 0x00000000a9080000, 0x00000000e0000000)
  object space 147968K, 21% used [0x00000000a0000000,0x00000000a1f28db8,0x00000000a9080000)
 Metaspace       used 80573K, capacity 82813K, committed 85120K, reserved 1122304K
  class space    used 10354K, capacity 10883K, committed 11392K, reserved 1048576K
}
Event: 5198.727 GC heap before
{Heap before GC invocations=27 (full 4):
 PSYoungGen      total 195584K, used 191527K [0x00000000e0000000, 0x00000000edf80000, 0x0000000100000000)
  eden space 171520K, 100% used [0x00000000e0000000,0x00000000ea780000,0x00000000ea780000)
  from space 24064K, 83% used [0x00000000ec800000,0x00000000edb89dc8,0x00000000edf80000)
  to   space 28672K, 0% used [0x00000000ea780000,0x00000000ea780000,0x00000000ec380000)
 ParOldGen       total 147968K, used 31907K [0x00000000a0000000, 0x00000000a9080000, 0x00000000e0000000)
  object space 147968K, 21% used [0x00000000a0000000,0x00000000a1f28db8,0x00000000a9080000)
 Metaspace       used 86105K, capacity 88647K, committed 90496K, reserved 1128448K
  class space    used 10909K, capacity 11512K, committed 11904K, reserved 1048576K
Event: 5198.775 GC heap after
Heap after GC invocations=27 (full 4):
 PSYoungGen      total 195072K, used 28644K [0x00000000e0000000, 0x00000000ee680000, 0x0000000100000000)
  eden space 166400K, 0% used [0x00000000e0000000,0x00000000e0000000,0x00000000ea280000)
  from space 28672K, 99% used [0x00000000ea780000,0x00000000ec379358,0x00000000ec380000)
  to   space 34816K, 0% used [0x00000000ec480000,0x00000000ec480000,0x00000000ee680000)
 ParOldGen       total 147968K, used 36030K [0x00000000a0000000, 0x00000000a9080000, 0x00000000e0000000)
  object space 147968K, 24% used [0x00000000a0000000,0x00000000a232fa98,0x00000000a9080000)
 Metaspace       used 86105K, capacity 88647K, committed 90496K, reserved 1128448K
  class space    used 10909K, capacity 11512K, committed 11904K, reserved 1048576K
}
Event: 5201.261 GC heap before
{Heap before GC invocations=28 (full 4):
 PSYoungGen      total 195072K, used 195044K [0x00000000e0000000, 0x00000000ee680000, 0x0000000100000000)
  eden space 166400K, 100% used [0x00000000e0000000,0x00000000ea280000,0x00000000ea280000)
  from space 28672K, 99% used [0x00000000ea780000,0x00000000ec379358,0x00000000ec380000)
  to   space 34816K, 0% used [0x00000000ec480000,0x00000000ec480000,0x00000000ee680000)
 ParOldGen       total 147968K, used 36030K [0x00000000a0000000, 0x00000000a9080000, 0x00000000e0000000)
  object space 147968K, 24% used [0x00000000a0000000,0x00000000a232fa98,0x00000000a9080000)
 Metaspace       used 90831K, capacity 93595K, committed 95104K, reserved 1132544K
  class space    used 11495K, capacity 12116K, committed 12416K, reserved 1048576K
Event: 5201.328 GC heap after
Heap after GC invocations=28 (full 4):
 PSYoungGen      total 201216K, used 33734K [0x00000000e0000000, 0x00000000ee680000, 0x0000000100000000)
  eden space 166400K, 0% used [0x00000000e0000000,0x00000000e0000000,0x00000000ea280000)
  from space 34816K, 96% used [0x00000000ec480000,0x00000000ee571b90,0x00000000ee680000)
  to   space 28672K, 0% used [0x00000000ea780000,0x00000000ea780000,0x00000000ec380000)
 ParOldGen       total 147968K, used 36046K [0x00000000a0000000, 0x00000000a9080000, 0x00000000e0000000)
  object space 147968K, 24% used [0x00000000a0000000,0x00000000a2333a98,0x00000000a9080000)
 Metaspace       used 90831K, capacity 93595K, committed 95104K, reserved 1132544K
  class space    used 11495K, capacity 12116K, committed 12416K, reserved 1048576K
}
Event: 5202.517 GC heap before
{Heap before GC invocations=29 (full 4):
 PSYoungGen      total 201216K, used 200134K [0x00000000e0000000, 0x00000000ee680000, 0x0000000100000000)
  eden space 166400K, 100% used [0x00000000e0000000,0x00000000ea280000,0x00000000ea280000)
  from space 34816K, 96% used [0x00000000ec480000,0x00000000ee571b90,0x00000000ee680000)
  to   space 28672K, 0% used [0x00000000ea780000,0x00000000ea780000,0x00000000ec380000)
 ParOldGen       total 147968K, used 36046K [0x00000000a0000000, 0x00000000a9080000, 0x00000000e0000000)
  object space 147968K, 24% used [0x00000000a0000000,0x00000000a2333a98,0x00000000a9080000)
 Metaspace       used 90996K, capacity 93731K, committed 95104K, reserved 1132544K
  class space    used 11501K, capacity 12116K, committed 12416K, reserved 1048576K
Event: 5202.611 GC heap after
Heap after GC invocations=29 (full 4):
 PSYoungGen      total 195072K, used 28643K [0x00000000e0000000, 0x00000000ee680000, 0x0000000100000000)
  eden space 166400K, 0% used [0x00000000e0000000,0x00000000e0000000,0x00000000ea280000)
  from space 28672K, 99% used [0x00000000ea780000,0x00000000ec378da0,0x00000000ec380000)
  to   space 34816K, 0% used [0x00000000ec480000,0x00000000ec480000,0x00000000ee680000)
 ParOldGen       total 147968K, used 39683K [0x00000000a0000000, 0x00000000a9080000, 0x00000000e0000000)
  object space 147968K, 26% used [0x00000000a0000000,0x00000000a26c0f28,0x00000000a9080000)
 Metaspace       used 90996K, capacity 93731K, committed 95104K, reserved 1132544K
  class space    used 11501K, capacity 12116K, committed 12416K, reserved 1048576K
}

