# JRE version: OpenJDK Runtime Environment (8.0_152-b02) (build 1.8.0_152-release-1024-b02)
# Java VM: OpenJDK 64-Bit Server VM (25.152-b02 mixed mode windows-amd64 compressed oops)
Heap:
 PSYoungGen      total 173568K, used 88034K [0x00000000e0000000, 0x00000000ed900000, 0x0000000100000000)
  eden space 151040K, 49% used [0x00000000e0000000,0x00000000e487e2e8,0x00000000e9380000)
  from space 22528K, 61% used [0x00000000e9380000,0x00000000ea0fa540,0x00000000ea980000)
  to   space 22016K, 0% used [0x00000000ec380000,0x00000000ec380000,0x00000000ed900000)
 ParOldGen       total 158208K, used 36945K [0x00000000a0000000, 0x00000000a9a80000, 0x00000000e0000000)
  object space 158208K, 23% used [0x00000000a0000000,0x00000000a24145e0,0x00000000a9a80000)
 Metaspace       used 69563K, capacity 71546K, committed 71680K, reserved 1112064K
  class space    used 9217K, capacity 9642K, committed 9728K, reserved 1048576K
GC Heap History (10 events):
Event: 13.259 GC heap before
{Heap before GC invocations=10 (full 2):
 PSYoungGen      total 140288K, used 130048K [0x00000000e0000000, 0x00000000e9800000, 0x0000000100000000)
  eden space 130048K, 100% used [0x00000000e0000000,0x00000000e7f00000,0x00000000e7f00000)
  from space 10240K, 0% used [0x00000000e7f00000,0x00000000e7f00000,0x00000000e8900000)
  to   space 12800K, 0% used [0x00000000e8b80000,0x00000000e8b80000,0x00000000e9800000)
 ParOldGen       total 108032K, used 19924K [0x00000000a0000000, 0x00000000a6980000, 0x00000000e0000000)
  object space 108032K, 18% used [0x00000000a0000000,0x00000000a1375390,0x00000000a6980000)
 Metaspace       used 42989K, capacity 43840K, committed 44032K, reserved 1087488K
  class space    used 5880K, capacity 6129K, committed 6144K, reserved 1048576K
Event: 13.309 GC heap after
Heap after GC invocations=10 (full 2):
 PSYoungGen      total 140800K, used 12795K [0x00000000e0000000, 0x00000000ecb00000, 0x0000000100000000)
  eden space 128000K, 0% used [0x00000000e0000000,0x00000000e0000000,0x00000000e7d00000)
  from space 12800K, 99% used [0x00000000e8b80000,0x00000000e97fefa0,0x00000000e9800000)
  to   space 14848K, 0% used [0x00000000e7d00000,0x00000000e7d00000,0x00000000e8b80000)
 ParOldGen       total 108032K, used 21183K [0x00000000a0000000, 0x00000000a6980000, 0x00000000e0000000)
  object space 108032K, 19% used [0x00000000a0000000,0x00000000a14afe20,0x00000000a6980000)
 Metaspace       used 42989K, capacity 43840K, committed 44032K, reserved 1087488K
  class space    used 5880K, capacity 6129K, committed 6144K, reserved 1048576K
}
Event: 15.530 GC heap before
{Heap before GC invocations=11 (full 2):
 PSYoungGen      total 140800K, used 140795K [0x00000000e0000000, 0x00000000ecb00000, 0x0000000100000000)
  eden space 128000K, 100% used [0x00000000e0000000,0x00000000e7d00000,0x00000000e7d00000)
  from space 12800K, 99% used [0x00000000e8b80000,0x00000000e97fefa0,0x00000000e9800000)
  to   space 14848K, 0% used [0x00000000e7d00000,0x00000000e7d00000,0x00000000e8b80000)
 ParOldGen       total 108032K, used 21183K [0x00000000a0000000, 0x00000000a6980000, 0x00000000e0000000)
  object space 108032K, 19% used [0x00000000a0000000,0x00000000a14afe20,0x00000000a6980000)
 Metaspace       used 51307K, capacity 52820K, committed 52992K, reserved 1095680K
  class space    used 6965K, capacity 7349K, committed 7424K, reserved 1048576K
Event: 15.557 GC heap after
Heap after GC invocations=11 (full 2):
 PSYoungGen      total 142848K, used 14828K [0x00000000e0000000, 0x00000000ebb00000, 0x0000000100000000)
  eden space 128000K, 0% used [0x00000000e0000000,0x00000000e0000000,0x00000000e7d00000)
  from space 14848K, 99% used [0x00000000e7d00000,0x00000000e8b7b158,0x00000000e8b80000)
  to   space 17920K, 0% used [0x00000000ea980000,0x00000000ea980000,0x00000000ebb00000)
 ParOldGen       total 108032K, used 24028K [0x00000000a0000000, 0x00000000a6980000, 0x00000000e0000000)
  object space 108032K, 22% used [0x00000000a0000000,0x00000000a17773a8,0x00000000a6980000)
 Metaspace       used 51307K, capacity 52820K, committed 52992K, reserved 1095680K
  class space    used 6965K, capacity 7349K, committed 7424K, reserved 1048576K
}
Event: 18.673 GC heap before
{Heap before GC invocations=12 (full 2):
 PSYoungGen      total 142848K, used 128897K [0x00000000e0000000, 0x00000000ebb00000, 0x0000000100000000)
  eden space 128000K, 89% used [0x00000000e0000000,0x00000000e6f65308,0x00000000e7d00000)
  from space 14848K, 99% used [0x00000000e7d00000,0x00000000e8b7b158,0x00000000e8b80000)
  to   space 17920K, 0% used [0x00000000ea980000,0x00000000ea980000,0x00000000ebb00000)
 ParOldGen       total 108032K, used 24028K [0x00000000a0000000, 0x00000000a6980000, 0x00000000e0000000)
  object space 108032K, 22% used [0x00000000a0000000,0x00000000a17773a8,0x00000000a6980000)
 Metaspace       used 57328K, capacity 58946K, committed 59028K, reserved 1099776K
  class space    used 7789K, capacity 8178K, committed 8192K, reserved 1048576K
Event: 18.722 GC heap after
Heap after GC invocations=12 (full 2):
 PSYoungGen      total 168960K, used 17903K [0x00000000e0000000, 0x00000000ec400000, 0x0000000100000000)
  eden space 151040K, 0% used [0x00000000e0000000,0x00000000e0000000,0x00000000e9380000)
  from space 17920K, 99% used [0x00000000ea980000,0x00000000ebafbc08,0x00000000ebb00000)
  to   space 22528K, 0% used [0x00000000e9380000,0x00000000e9380000,0x00000000ea980000)
 ParOldGen       total 108032K, used 29524K [0x00000000a0000000, 0x00000000a6980000, 0x00000000e0000000)
  object space 108032K, 27% used [0x00000000a0000000,0x00000000a1cd5070,0x00000000a6980000)
 Metaspace       used 57328K, capacity 58946K, committed 59028K, reserved 1099776K
  class space    used 7789K, capacity 8178K, committed 8192K, reserved 1048576K
}
Event: 18.722 GC heap before
{Heap before GC invocations=13 (full 3):
 PSYoungGen      total 168960K, used 17903K [0x00000000e0000000, 0x00000000ec400000, 0x0000000100000000)
  eden space 151040K, 0% used [0x00000000e0000000,0x00000000e0000000,0x00000000e9380000)
  from space 17920K, 99% used [0x00000000ea980000,0x00000000ebafbc08,0x00000000ebb00000)
  to   space 22528K, 0% used [0x00000000e9380000,0x00000000e9380000,0x00000000ea980000)
 ParOldGen       total 108032K, used 29524K [0x00000000a0000000, 0x00000000a6980000, 0x00000000e0000000)
  object space 108032K, 27% used [0x00000000a0000000,0x00000000a1cd5070,0x00000000a6980000)
 Metaspace       used 57328K, capacity 58946K, committed 59028K, reserved 1099776K
  class space    used 7789K, capacity 8178K, committed 8192K, reserved 1048576K
Event: 18.987 GC heap after
Heap after GC invocations=13 (full 3):
 PSYoungGen      total 168960K, used 0K [0x00000000e0000000, 0x00000000ec400000, 0x0000000100000000)
  eden space 151040K, 0% used [0x00000000e0000000,0x00000000e0000000,0x00000000e9380000)
  from space 17920K, 0% used [0x00000000ea980000,0x00000000ea980000,0x00000000ebb00000)
  to   space 22528K, 0% used [0x00000000e9380000,0x00000000e9380000,0x00000000ea980000)
 ParOldGen       total 158208K, used 36937K [0x00000000a0000000, 0x00000000a9a80000, 0x00000000e0000000)
  object space 158208K, 23% used [0x00000000a0000000,0x00000000a24125e0,0x00000000a9a80000)
 Metaspace       used 57328K, capacity 58946K, committed 59028K, reserved 1099776K
  class space    used 7789K, capacity 8178K, committed 8192K, reserved 1048576K
}
Event: 165.782 GC heap before
{Heap before GC invocations=14 (full 3):
 PSYoungGen      total 168960K, used 151040K [0x00000000e0000000, 0x00000000ec400000, 0x0000000100000000)
  eden space 151040K, 100% used [0x00000000e0000000,0x00000000e9380000,0x00000000e9380000)
  from space 17920K, 0% used [0x00000000ea980000,0x00000000ea980000,0x00000000ebb00000)
  to   space 22528K, 0% used [0x00000000e9380000,0x00000000e9380000,0x00000000ea980000)
 ParOldGen       total 158208K, used 36937K [0x00000000a0000000, 0x00000000a9a80000, 0x00000000e0000000)
  object space 158208K, 23% used [0x00000000a0000000,0x00000000a24125e0,0x00000000a9a80000)
 Metaspace       used 65012K, capacity 66944K, committed 67200K, reserved 1107968K
  class space    used 8674K, capacity 9081K, committed 9088K, reserved 1048576K
Event: 165.800 GC heap after
Heap after GC invocations=14 (full 3):
 PSYoungGen      total 173568K, used 13801K [0x00000000e0000000, 0x00000000ed900000, 0x0000000100000000)
  eden space 151040K, 0% used [0x00000000e0000000,0x00000000e0000000,0x00000000e9380000)
  from space 22528K, 61% used [0x00000000e9380000,0x00000000ea0fa540,0x00000000ea980000)
  to   space 22016K, 0% used [0x00000000ec380000,0x00000000ec380000,0x00000000ed900000)
 ParOldGen       total 158208K, used 36945K [0x00000000a0000000, 0x00000000a9a80000, 0x00000000e0000000)
  object space 158208K, 23% used [0x00000000a0000000,0x00000000a24145e0,0x00000000a9a80000)
 Metaspace       used 65012K, capacity 66944K, committed 67200K, reserved 1107968K
  class space    used 8674K, capacity 9081K, committed 9088K, reserved 1048576K
}

