# JRE version: OpenJDK Runtime Environment (8.0_152-b02) (build 1.8.0_152-release-1024-b02)
# Java VM: OpenJDK 64-Bit Server VM (25.152-b02 mixed mode windows-amd64 compressed oops)
Heap:
 PSYoungGen      total 192512K, used 148931K [0x00000000e0000000, 0x00000000f0200000, 0x0000000100000000)
  eden space 177664K, 75% used [0x00000000e0000000,0x00000000e82f7298,0x00000000ead80000)
  from space 14848K, 99% used [0x00000000ead80000,0x00000000ebbf9bd8,0x00000000ebc00000)
  to   space 19968K, 0% used [0x00000000eee80000,0x00000000eee80000,0x00000000f0200000)
 ParOldGen       total 91648K, used 29176K [0x00000000a0000000, 0x00000000a5980000, 0x00000000e0000000)
  object space 91648K, 31% used [0x00000000a0000000,0x00000000a1c7e090,0x00000000a5980000)
 Metaspace       used 56893K, capacity 58476K, committed 58712K, reserved 1099776K
  class space    used 7611K, capacity 7993K, committed 8064K, reserved 1048576K
GC Heap History (10 events):
Event: 6.689 GC heap before
{Heap before GC invocations=7 (full 1):
 PSYoungGen      total 71680K, used 66560K [0x00000000e0000000, 0x00000000e9500000, 0x0000000100000000)
  eden space 66560K, 100% used [0x00000000e0000000,0x00000000e4100000,0x00000000e4100000)
  from space 5120K, 0% used [0x00000000e4100000,0x00000000e4100000,0x00000000e4600000)
  to   space 9728K, 0% used [0x00000000e8b80000,0x00000000e8b80000,0x00000000e9500000)
 ParOldGen       total 56832K, used 8074K [0x00000000a0000000, 0x00000000a3780000, 0x00000000e0000000)
  object space 56832K, 14% used [0x00000000a0000000,0x00000000a07e2a20,0x00000000a3780000)
 Metaspace       used 26389K, capacity 26784K, committed 27136K, reserved 1073152K
  class space    used 3632K, capacity 3750K, committed 3840K, reserved 1048576K
Event: 6.715 GC heap after
Heap after GC invocations=7 (full 1):
 PSYoungGen      total 118272K, used 7527K [0x00000000e0000000, 0x00000000e9300000, 0x0000000100000000)
  eden space 110592K, 0% used [0x00000000e0000000,0x00000000e0000000,0x00000000e6c00000)
  from space 7680K, 98% used [0x00000000e8b80000,0x00000000e92d9ca0,0x00000000e9300000)
  to   space 9728K, 0% used [0x00000000e8000000,0x00000000e8000000,0x00000000e8980000)
 ParOldGen       total 56832K, used 8082K [0x00000000a0000000, 0x00000000a3780000, 0x00000000e0000000)
  object space 56832K, 14% used [0x00000000a0000000,0x00000000a07e4a20,0x00000000a3780000)
 Metaspace       used 26389K, capacity 26784K, committed 27136K, reserved 1073152K
  class space    used 3632K, capacity 3750K, committed 3840K, reserved 1048576K
}
Event: 8.840 GC heap before
{Heap before GC invocations=8 (full 1):
 PSYoungGen      total 118272K, used 104597K [0x00000000e0000000, 0x00000000e9300000, 0x0000000100000000)
  eden space 110592K, 87% used [0x00000000e0000000,0x00000000e5ecb9b8,0x00000000e6c00000)
  from space 7680K, 98% used [0x00000000e8b80000,0x00000000e92d9ca0,0x00000000e9300000)
  to   space 9728K, 0% used [0x00000000e8000000,0x00000000e8000000,0x00000000e8980000)
 ParOldGen       total 56832K, used 8082K [0x00000000a0000000, 0x00000000a3780000, 0x00000000e0000000)
  object space 56832K, 14% used [0x00000000a0000000,0x00000000a07e4a20,0x00000000a3780000)
 Metaspace       used 34680K, capacity 35322K, committed 35416K, reserved 1079296K
  class space    used 4765K, capacity 4983K, committed 4992K, reserved 1048576K
Event: 8.858 GC heap after
Heap after GC invocations=8 (full 1):
 PSYoungGen      total 140800K, used 9712K [0x00000000e0000000, 0x00000000ec880000, 0x0000000100000000)
  eden space 131072K, 0% used [0x00000000e0000000,0x00000000e0000000,0x00000000e8000000)
  from space 9728K, 99% used [0x00000000e8000000,0x00000000e897c1a0,0x00000000e8980000)
  to   space 12800K, 0% used [0x00000000ebc00000,0x00000000ebc00000,0x00000000ec880000)
 ParOldGen       total 56832K, used 11688K [0x00000000a0000000, 0x00000000a3780000, 0x00000000e0000000)
  object space 56832K, 20% used [0x00000000a0000000,0x00000000a0b6a1f8,0x00000000a3780000)
 Metaspace       used 34680K, capacity 35322K, committed 35416K, reserved 1079296K
  class space    used 4765K, capacity 4983K, committed 4992K, reserved 1048576K
}
Event: 8.858 GC heap before
{Heap before GC invocations=9 (full 2):
 PSYoungGen      total 140800K, used 9712K [0x00000000e0000000, 0x00000000ec880000, 0x0000000100000000)
  eden space 131072K, 0% used [0x00000000e0000000,0x00000000e0000000,0x00000000e8000000)
  from space 9728K, 99% used [0x00000000e8000000,0x00000000e897c1a0,0x00000000e8980000)
  to   space 12800K, 0% used [0x00000000ebc00000,0x00000000ebc00000,0x00000000ec880000)
 ParOldGen       total 56832K, used 11688K [0x00000000a0000000, 0x00000000a3780000, 0x00000000e0000000)
  object space 56832K, 20% used [0x00000000a0000000,0x00000000a0b6a1f8,0x00000000a3780000)
 Metaspace       used 34680K, capacity 35322K, committed 35416K, reserved 1079296K
  class space    used 4765K, capacity 4983K, committed 4992K, reserved 1048576K
Event: 8.967 GC heap after
Heap after GC invocations=9 (full 2):
 PSYoungGen      total 140800K, used 0K [0x00000000e0000000, 0x00000000ec880000, 0x0000000100000000)
  eden space 131072K, 0% used [0x00000000e0000000,0x00000000e0000000,0x00000000e8000000)
  from space 9728K, 0% used [0x00000000e8000000,0x00000000e8000000,0x00000000e8980000)
  to   space 12800K, 0% used [0x00000000ebc00000,0x00000000ebc00000,0x00000000ec880000)
 ParOldGen       total 91648K, used 20054K [0x00000000a0000000, 0x00000000a5980000, 0x00000000e0000000)
  object space 91648K, 21% used [0x00000000a0000000,0x00000000a1395808,0x00000000a5980000)
 Metaspace       used 34680K, capacity 35322K, committed 35416K, reserved 1079296K
  class space    used 4765K, capacity 4983K, committed 4992K, reserved 1048576K
}
Event: 11.306 GC heap before
{Heap before GC invocations=10 (full 2):
 PSYoungGen      total 140800K, used 131072K [0x00000000e0000000, 0x00000000ec880000, 0x0000000100000000)
  eden space 131072K, 100% used [0x00000000e0000000,0x00000000e8000000,0x00000000e8000000)
  from space 9728K, 0% used [0x00000000e8000000,0x00000000e8000000,0x00000000e8980000)
  to   space 12800K, 0% used [0x00000000ebc00000,0x00000000ebc00000,0x00000000ec880000)
 ParOldGen       total 91648K, used 20054K [0x00000000a0000000, 0x00000000a5980000, 0x00000000e0000000)
  object space 91648K, 21% used [0x00000000a0000000,0x00000000a1395808,0x00000000a5980000)
 Metaspace       used 42784K, capacity 43628K, committed 43736K, reserved 1087488K
  class space    used 5849K, capacity 6112K, committed 6144K, reserved 1048576K
Event: 11.333 GC heap after
Heap after GC invocations=10 (full 2):
 PSYoungGen      total 190464K, used 12787K [0x00000000e0000000, 0x00000000ed980000, 0x0000000100000000)
  eden space 177664K, 0% used [0x00000000e0000000,0x00000000e0000000,0x00000000ead80000)
  from space 12800K, 99% used [0x00000000ebc00000,0x00000000ec87ccd8,0x00000000ec880000)
  to   space 14848K, 0% used [0x00000000ead80000,0x00000000ead80000,0x00000000ebc00000)
 ParOldGen       total 91648K, used 21364K [0x00000000a0000000, 0x00000000a5980000, 0x00000000e0000000)
  object space 91648K, 23% used [0x00000000a0000000,0x00000000a14dd028,0x00000000a5980000)
 Metaspace       used 42784K, capacity 43628K, committed 43736K, reserved 1087488K
  class space    used 5849K, capacity 6112K, committed 6144K, reserved 1048576K
}
Event: 16.520 GC heap before
{Heap before GC invocations=11 (full 2):
 PSYoungGen      total 190464K, used 190451K [0x00000000e0000000, 0x00000000ed980000, 0x0000000100000000)
  eden space 177664K, 100% used [0x00000000e0000000,0x00000000ead80000,0x00000000ead80000)
  from space 12800K, 99% used [0x00000000ebc00000,0x00000000ec87ccd8,0x00000000ec880000)
  to   space 14848K, 0% used [0x00000000ead80000,0x00000000ead80000,0x00000000ebc00000)
 ParOldGen       total 91648K, used 21364K [0x00000000a0000000, 0x00000000a5980000, 0x00000000e0000000)
  object space 91648K, 23% used [0x00000000a0000000,0x00000000a14dd028,0x00000000a5980000)
 Metaspace       used 53982K, capacity 55550K, committed 55896K, reserved 1097728K
  class space    used 7334K, capacity 7714K, committed 7808K, reserved 1048576K
Event: 16.557 GC heap after
Heap after GC invocations=11 (full 2):
 PSYoungGen      total 192512K, used 14822K [0x00000000e0000000, 0x00000000f0200000, 0x0000000100000000)
  eden space 177664K, 0% used [0x00000000e0000000,0x00000000e0000000,0x00000000ead80000)
  from space 14848K, 99% used [0x00000000ead80000,0x00000000ebbf9bd8,0x00000000ebc00000)
  to   space 19968K, 0% used [0x00000000eee80000,0x00000000eee80000,0x00000000f0200000)
 ParOldGen       total 91648K, used 29176K [0x00000000a0000000, 0x00000000a5980000, 0x00000000e0000000)
  object space 91648K, 31% used [0x00000000a0000000,0x00000000a1c7e090,0x00000000a5980000)
 Metaspace       used 53982K, capacity 55550K, committed 55896K, reserved 1097728K
  class space    used 7334K, capacity 7714K, committed 7808K, reserved 1048576K
}

