# JRE version: OpenJDK Runtime Environment (8.0_152-b02) (build 1.8.0_152-release-1024-b02)
# Java VM: OpenJDK 64-Bit Server VM (25.152-b02 mixed mode windows-amd64 compressed oops)
Heap:
 PSYoungGen      total 210432K, used 88652K [0x00000000e0000000, 0x00000000efb00000, 0x0000000100000000)
  eden space 174080K, 50% used [0x00000000e0000000,0x00000000e5693020,0x00000000eaa00000)
  from space 36352K, 0% used [0x00000000ed780000,0x00000000ed780000,0x00000000efb00000)
  to   space 41472K, 0% used [0x00000000eaa00000,0x00000000eaa00000,0x00000000ed280000)
 ParOldGen       total 232960K, used 17187K [0x00000000a0000000, 0x00000000ae380000, 0x00000000e0000000)
  object space 232960K, 7% used [0x00000000a0000000,0x00000000a10c8d20,0x00000000ae380000)
 Metaspace       used 59176K, capacity 60398K, committed 60544K, reserved 1101824K
  class space    used 6917K, capacity 7233K, committed 7296K, reserved 1048576K
GC Heap History (10 events):
Event: 136.676 GC heap before
{Heap before GC invocations=17 (full 4):
 PSYoungGen      total 139264K, used 133292K [0x00000000e0000000, 0x00000000eab80000, 0x0000000100000000)
  eden space 108032K, 100% used [0x00000000e0000000,0x00000000e6980000,0x00000000e6980000)
  from space 31232K, 80% used [0x00000000e8b00000,0x00000000ea3ab318,0x00000000ea980000)
  to   space 33792K, 0% used [0x00000000e6980000,0x00000000e6980000,0x00000000e8a80000)
 ParOldGen       total 186368K, used 113726K [0x00000000a0000000, 0x00000000ab600000, 0x00000000e0000000)
  object space 186368K, 61% used [0x00000000a0000000,0x00000000a6f0f920,0x00000000ab600000)
 Metaspace       used 50123K, capacity 51104K, committed 51456K, reserved 1093632K
  class space    used 6083K, capacity 6312K, committed 6400K, reserved 1048576K
Event: 136.747 GC heap after
Heap after GC invocations=17 (full 4):
 PSYoungGen      total 141824K, used 29794K [0x00000000e0000000, 0x00000000ed700000, 0x0000000100000000)
  eden space 108032K, 0% used [0x00000000e0000000,0x00000000e0000000,0x00000000e6980000)
  from space 33792K, 88% used [0x00000000e6980000,0x00000000e8698aa0,0x00000000e8a80000)
  to   space 37376K, 0% used [0x00000000eb280000,0x00000000eb280000,0x00000000ed700000)
 ParOldGen       total 186368K, used 127348K [0x00000000a0000000, 0x00000000ab600000, 0x00000000e0000000)
  object space 186368K, 68% used [0x00000000a0000000,0x00000000a7c5d1f8,0x00000000ab600000)
 Metaspace       used 50123K, capacity 51104K, committed 51456K, reserved 1093632K
  class space    used 6083K, capacity 6312K, committed 6400K, reserved 1048576K
}
Event: 139.198 GC heap before
{Heap before GC invocations=18 (full 4):
 PSYoungGen      total 141824K, used 137826K [0x00000000e0000000, 0x00000000ed700000, 0x0000000100000000)
  eden space 108032K, 100% used [0x00000000e0000000,0x00000000e6980000,0x00000000e6980000)
  from space 33792K, 88% used [0x00000000e6980000,0x00000000e8698aa0,0x00000000e8a80000)
  to   space 37376K, 0% used [0x00000000eb280000,0x00000000eb280000,0x00000000ed700000)
 ParOldGen       total 186368K, used 127348K [0x00000000a0000000, 0x00000000ab600000, 0x00000000e0000000)
  object space 186368K, 68% used [0x00000000a0000000,0x00000000a7c5d1f8,0x00000000ab600000)
 Metaspace       used 52119K, capacity 53128K, committed 53248K, reserved 1095680K
  class space    used 6348K, capacity 6612K, committed 6656K, reserved 1048576K
Event: 139.252 GC heap after
Heap after GC invocations=18 (full 4):
 PSYoungGen      total 176640K, used 37348K [0x00000000e0000000, 0x00000000ee080000, 0x0000000100000000)
  eden space 139264K, 0% used [0x00000000e0000000,0x00000000e0000000,0x00000000e8800000)
  from space 37376K, 99% used [0x00000000eb280000,0x00000000ed6f91e0,0x00000000ed700000)
  to   space 43520K, 0% used [0x00000000e8800000,0x00000000e8800000,0x00000000eb280000)
 ParOldGen       total 186368K, used 129197K [0x00000000a0000000, 0x00000000ab600000, 0x00000000e0000000)
  object space 186368K, 69% used [0x00000000a0000000,0x00000000a7e2b4a8,0x00000000ab600000)
 Metaspace       used 52119K, capacity 53128K, committed 53248K, reserved 1095680K
  class space    used 6348K, capacity 6612K, committed 6656K, reserved 1048576K
}
Event: 144.159 GC heap before
{Heap before GC invocations=19 (full 4):
 PSYoungGen      total 176640K, used 176612K [0x00000000e0000000, 0x00000000ee080000, 0x0000000100000000)
  eden space 139264K, 100% used [0x00000000e0000000,0x00000000e8800000,0x00000000e8800000)
  from space 37376K, 99% used [0x00000000eb280000,0x00000000ed6f91e0,0x00000000ed700000)
  to   space 43520K, 0% used [0x00000000e8800000,0x00000000e8800000,0x00000000eb280000)
 ParOldGen       total 186368K, used 129197K [0x00000000a0000000, 0x00000000ab600000, 0x00000000e0000000)
  object space 186368K, 69% used [0x00000000a0000000,0x00000000a7e2b4a8,0x00000000ab600000)
 Metaspace       used 58289K, capacity 59460K, committed 59648K, reserved 1101824K
  class space    used 6862K, capacity 7158K, committed 7168K, reserved 1048576K
Event: 144.218 GC heap after
Heap after GC invocations=19 (full 4):
 PSYoungGen      total 182784K, used 18837K [0x00000000e0000000, 0x00000000eff80000, 0x0000000100000000)
  eden space 139264K, 0% used [0x00000000e0000000,0x00000000e0000000,0x00000000e8800000)
  from space 43520K, 43% used [0x00000000e8800000,0x00000000e9a65550,0x00000000eb280000)
  to   space 40960K, 0% used [0x00000000ed780000,0x00000000ed780000,0x00000000eff80000)
 ParOldGen       total 186368K, used 153479K [0x00000000a0000000, 0x00000000ab600000, 0x00000000e0000000)
  object space 186368K, 82% used [0x00000000a0000000,0x00000000a95e1ce8,0x00000000ab600000)
 Metaspace       used 58289K, capacity 59460K, committed 59648K, reserved 1101824K
  class space    used 6862K, capacity 7158K, committed 7168K, reserved 1048576K
}
Event: 230.848 GC heap before
{Heap before GC invocations=20 (full 4):
 PSYoungGen      total 182784K, used 58424K [0x00000000e0000000, 0x00000000eff80000, 0x0000000100000000)
  eden space 139264K, 28% used [0x00000000e0000000,0x00000000e26a8d50,0x00000000e8800000)
  from space 43520K, 43% used [0x00000000e8800000,0x00000000e9a65550,0x00000000eb280000)
  to   space 40960K, 0% used [0x00000000ed780000,0x00000000ed780000,0x00000000eff80000)
 ParOldGen       total 186368K, used 153479K [0x00000000a0000000, 0x00000000ab600000, 0x00000000e0000000)
  object space 186368K, 82% used [0x00000000a0000000,0x00000000a95e1ce8,0x00000000ab600000)
 Metaspace       used 58698K, capacity 59850K, committed 59904K, reserved 1101824K
  class space    used 6882K, capacity 7159K, committed 7168K, reserved 1048576K
Event: 230.876 GC heap after
Heap after GC invocations=20 (full 4):
 PSYoungGen      total 210432K, used 3461K [0x00000000e0000000, 0x00000000efb00000, 0x0000000100000000)
  eden space 174080K, 0% used [0x00000000e0000000,0x00000000e0000000,0x00000000eaa00000)
  from space 36352K, 9% used [0x00000000ed780000,0x00000000edae1610,0x00000000efb00000)
  to   space 41472K, 0% used [0x00000000eaa00000,0x00000000eaa00000,0x00000000ed280000)
 ParOldGen       total 186368K, used 164203K [0x00000000a0000000, 0x00000000ab600000, 0x00000000e0000000)
  object space 186368K, 88% used [0x00000000a0000000,0x00000000aa05af18,0x00000000ab600000)
 Metaspace       used 58698K, capacity 59850K, committed 59904K, reserved 1101824K
  class space    used 6882K, capacity 7159K, committed 7168K, reserved 1048576K
}
Event: 230.876 GC heap before
{Heap before GC invocations=21 (full 5):
 PSYoungGen      total 210432K, used 3461K [0x00000000e0000000, 0x00000000efb00000, 0x0000000100000000)
  eden space 174080K, 0% used [0x00000000e0000000,0x00000000e0000000,0x00000000eaa00000)
  from space 36352K, 9% used [0x00000000ed780000,0x00000000edae1610,0x00000000efb00000)
  to   space 41472K, 0% used [0x00000000eaa00000,0x00000000eaa00000,0x00000000ed280000)
 ParOldGen       total 186368K, used 164203K [0x00000000a0000000, 0x00000000ab600000, 0x00000000e0000000)
  object space 186368K, 88% used [0x00000000a0000000,0x00000000aa05af18,0x00000000ab600000)
 Metaspace       used 58698K, capacity 59850K, committed 59904K, reserved 1101824K
  class space    used 6882K, capacity 7159K, committed 7168K, reserved 1048576K
Event: 230.995 GC heap after
Heap after GC invocations=21 (full 5):
 PSYoungGen      total 210432K, used 0K [0x00000000e0000000, 0x00000000efb00000, 0x0000000100000000)
  eden space 174080K, 0% used [0x00000000e0000000,0x00000000e0000000,0x00000000eaa00000)
  from space 36352K, 0% used [0x00000000ed780000,0x00000000ed780000,0x00000000efb00000)
  to   space 41472K, 0% used [0x00000000eaa00000,0x00000000eaa00000,0x00000000ed280000)
 ParOldGen       total 232960K, used 17187K [0x00000000a0000000, 0x00000000ae380000, 0x00000000e0000000)
  object space 232960K, 7% used [0x00000000a0000000,0x00000000a10c8d20,0x00000000ae380000)
 Metaspace       used 58698K, capacity 59850K, committed 59904K, reserved 1101824K
  class space    used 6882K, capacity 7159K, committed 7168K, reserved 1048576K
}

