# JRE version: OpenJDK Runtime Environment (8.0_152-b02) (build 1.8.0_152-release-1024-b02)
# Java VM: OpenJDK 64-Bit Server VM (25.152-b02 mixed mode windows-amd64 compressed oops)
Heap:
 PSYoungGen      total 234496K, used 146389K [0x00000000e0000000, 0x00000000f0300000, 0x0000000100000000)
  eden space 212992K, 60% used [0x00000000e0000000,0x00000000e7ce8700,0x00000000ed000000)
  from space 21504K, 85% used [0x00000000eee00000,0x00000000f000cd10,0x00000000f0300000)
  to   space 26112K, 0% used [0x00000000ed000000,0x00000000ed000000,0x00000000ee980000)
 ParOldGen       total 157696K, used 42448K [0x00000000a0000000, 0x00000000a9a00000, 0x00000000e0000000)
  object space 157696K, 26% used [0x00000000a0000000,0x00000000a29741f0,0x00000000a9a00000)
 Metaspace       used 69985K, capacity 72477K, committed 72704K, reserved 1112064K
  class space    used 9121K, capacity 9648K, committed 9728K, reserved 1048576K
GC Heap History (10 events):
Event: 15.696 GC heap before
{Heap before GC invocations=11 (full 2):
 PSYoungGen      total 172032K, used 172000K [0x00000000e0000000, 0x00000000ecd80000, 0x0000000100000000)
  eden space 159232K, 100% used [0x00000000e0000000,0x00000000e9b80000,0x00000000e9b80000)
  from space 12800K, 99% used [0x00000000eaa80000,0x00000000eb6f8078,0x00000000eb700000)
  to   space 15360K, 0% used [0x00000000e9b80000,0x00000000e9b80000,0x00000000eaa80000)
 ParOldGen       total 100864K, used 21426K [0x00000000a0000000, 0x00000000a6280000, 0x00000000e0000000)
  object space 100864K, 21% used [0x00000000a0000000,0x00000000a14ecb40,0x00000000a6280000)
 Metaspace       used 53488K, capacity 55234K, committed 55296K, reserved 1097728K
  class space    used 7288K, capacity 7676K, committed 7680K, reserved 1048576K
Event: 15.728 GC heap after
Heap after GC invocations=11 (full 2):
 PSYoungGen      total 174592K, used 15332K [0x00000000e0000000, 0x00000000ee200000, 0x0000000100000000)
  eden space 159232K, 0% used [0x00000000e0000000,0x00000000e0000000,0x00000000e9b80000)
  from space 15360K, 99% used [0x00000000e9b80000,0x00000000eaa79088,0x00000000eaa80000)
  to   space 19456K, 0% used [0x00000000ecf00000,0x00000000ecf00000,0x00000000ee200000)
 ParOldGen       total 100864K, used 26936K [0x00000000a0000000, 0x00000000a6280000, 0x00000000e0000000)
  object space 100864K, 26% used [0x00000000a0000000,0x00000000a1a4e3b0,0x00000000a6280000)
 Metaspace       used 53488K, capacity 55234K, committed 55296K, reserved 1097728K
  class space    used 7288K, capacity 7676K, committed 7680K, reserved 1048576K
}
Event: 21.289 GC heap before
{Heap before GC invocations=12 (full 2):
 PSYoungGen      total 174592K, used 126516K [0x00000000e0000000, 0x00000000ee200000, 0x0000000100000000)
  eden space 159232K, 69% used [0x00000000e0000000,0x00000000e6c941e8,0x00000000e9b80000)
  from space 15360K, 99% used [0x00000000e9b80000,0x00000000eaa79088,0x00000000eaa80000)
  to   space 19456K, 0% used [0x00000000ecf00000,0x00000000ecf00000,0x00000000ee200000)
 ParOldGen       total 100864K, used 26936K [0x00000000a0000000, 0x00000000a6280000, 0x00000000e0000000)
  object space 100864K, 26% used [0x00000000a0000000,0x00000000a1a4e3b0,0x00000000a6280000)
 Metaspace       used 57224K, capacity 58956K, committed 59028K, reserved 1099776K
  class space    used 7730K, capacity 8154K, committed 8192K, reserved 1048576K
Event: 21.351 GC heap after
Heap after GC invocations=12 (full 2):
 PSYoungGen      total 205824K, used 19441K [0x00000000e0000000, 0x00000000eed80000, 0x0000000100000000)
  eden space 186368K, 0% used [0x00000000e0000000,0x00000000e0000000,0x00000000eb600000)
  from space 19456K, 99% used [0x00000000ecf00000,0x00000000ee1fc420,0x00000000ee200000)
  to   space 25600K, 0% used [0x00000000eb600000,0x00000000eb600000,0x00000000ecf00000)
 ParOldGen       total 100864K, used 36338K [0x00000000a0000000, 0x00000000a6280000, 0x00000000e0000000)
  object space 100864K, 36% used [0x00000000a0000000,0x00000000a237c878,0x00000000a6280000)
 Metaspace       used 57224K, capacity 58956K, committed 59028K, reserved 1099776K
  class space    used 7730K, capacity 8154K, committed 8192K, reserved 1048576K
}
Event: 21.351 GC heap before
{Heap before GC invocations=13 (full 3):
 PSYoungGen      total 205824K, used 19441K [0x00000000e0000000, 0x00000000eed80000, 0x0000000100000000)
  eden space 186368K, 0% used [0x00000000e0000000,0x00000000e0000000,0x00000000eb600000)
  from space 19456K, 99% used [0x00000000ecf00000,0x00000000ee1fc420,0x00000000ee200000)
  to   space 25600K, 0% used [0x00000000eb600000,0x00000000eb600000,0x00000000ecf00000)
 ParOldGen       total 100864K, used 36338K [0x00000000a0000000, 0x00000000a6280000, 0x00000000e0000000)
  object space 100864K, 36% used [0x00000000a0000000,0x00000000a237c878,0x00000000a6280000)
 Metaspace       used 57224K, capacity 58956K, committed 59028K, reserved 1099776K
  class space    used 7730K, capacity 8154K, committed 8192K, reserved 1048576K
Event: 21.726 GC heap after
Heap after GC invocations=13 (full 3):
 PSYoungGen      total 205824K, used 0K [0x00000000e0000000, 0x00000000eed80000, 0x0000000100000000)
  eden space 186368K, 0% used [0x00000000e0000000,0x00000000e0000000,0x00000000eb600000)
  from space 19456K, 0% used [0x00000000ecf00000,0x00000000ecf00000,0x00000000ee200000)
  to   space 25600K, 0% used [0x00000000eb600000,0x00000000eb600000,0x00000000ecf00000)
 ParOldGen       total 157696K, used 42432K [0x00000000a0000000, 0x00000000a9a00000, 0x00000000e0000000)
  object space 157696K, 26% used [0x00000000a0000000,0x00000000a29701f0,0x00000000a9a00000)
 Metaspace       used 57224K, capacity 58956K, committed 59028K, reserved 1099776K
  class space    used 7730K, capacity 8154K, committed 8192K, reserved 1048576K
}
Event: 36.160 GC heap before
{Heap before GC invocations=14 (full 3):
 PSYoungGen      total 205824K, used 186368K [0x00000000e0000000, 0x00000000eed80000, 0x0000000100000000)
  eden space 186368K, 100% used [0x00000000e0000000,0x00000000eb600000,0x00000000eb600000)
  from space 19456K, 0% used [0x00000000ecf00000,0x00000000ecf00000,0x00000000ee200000)
  to   space 25600K, 0% used [0x00000000eb600000,0x00000000eb600000,0x00000000ecf00000)
 ParOldGen       total 157696K, used 42432K [0x00000000a0000000, 0x00000000a9a00000, 0x00000000e0000000)
  object space 157696K, 26% used [0x00000000a0000000,0x00000000a29701f0,0x00000000a9a00000)
 Metaspace       used 67504K, capacity 69590K, committed 69632K, reserved 1110016K
  class space    used 8954K, capacity 9439K, committed 9472K, reserved 1048576K
Event: 36.231 GC heap after
Heap after GC invocations=14 (full 3):
 PSYoungGen      total 211968K, used 14315K [0x00000000e0000000, 0x00000000f0680000, 0x0000000100000000)
  eden space 186368K, 0% used [0x00000000e0000000,0x00000000e0000000,0x00000000eb600000)
  from space 25600K, 55% used [0x00000000eb600000,0x00000000ec3faec0,0x00000000ecf00000)
  to   space 25088K, 0% used [0x00000000eee00000,0x00000000eee00000,0x00000000f0680000)
 ParOldGen       total 157696K, used 42440K [0x00000000a0000000, 0x00000000a9a00000, 0x00000000e0000000)
  object space 157696K, 26% used [0x00000000a0000000,0x00000000a29721f0,0x00000000a9a00000)
 Metaspace       used 67504K, capacity 69590K, committed 69632K, reserved 1110016K
  class space    used 8954K, capacity 9439K, committed 9472K, reserved 1048576K
}
Event: 134.794 GC heap before
{Heap before GC invocations=15 (full 3):
 PSYoungGen      total 211968K, used 200683K [0x00000000e0000000, 0x00000000f0680000, 0x0000000100000000)
  eden space 186368K, 100% used [0x00000000e0000000,0x00000000eb600000,0x00000000eb600000)
  from space 25600K, 55% used [0x00000000eb600000,0x00000000ec3faec0,0x00000000ecf00000)
  to   space 25088K, 0% used [0x00000000eee00000,0x00000000eee00000,0x00000000f0680000)
 ParOldGen       total 157696K, used 42440K [0x00000000a0000000, 0x00000000a9a00000, 0x00000000e0000000)
  object space 157696K, 26% used [0x00000000a0000000,0x00000000a29721f0,0x00000000a9a00000)
 Metaspace       used 69199K, capacity 71505K, committed 71808K, reserved 1112064K
  class space    used 9055K, capacity 9546K, committed 9600K, reserved 1048576K
Event: 134.846 GC heap after
Heap after GC invocations=15 (full 3):
 PSYoungGen      total 234496K, used 18483K [0x00000000e0000000, 0x00000000f0300000, 0x0000000100000000)
  eden space 212992K, 0% used [0x00000000e0000000,0x00000000e0000000,0x00000000ed000000)
  from space 21504K, 85% used [0x00000000eee00000,0x00000000f000cd10,0x00000000f0300000)
  to   space 26112K, 0% used [0x00000000ed000000,0x00000000ed000000,0x00000000ee980000)
 ParOldGen       total 157696K, used 42448K [0x00000000a0000000, 0x00000000a9a00000, 0x00000000e0000000)
  object space 157696K, 26% used [0x00000000a0000000,0x00000000a29741f0,0x00000000a9a00000)
 Metaspace       used 69199K, capacity 71505K, committed 71808K, reserved 1112064K
  class space    used 9055K, capacity 9546K, committed 9600K, reserved 1048576K
}

