# JRE version: OpenJDK Runtime Environment (8.0_152-b02) (build 1.8.0_152-release-1024-b02)
# Java VM: OpenJDK 64-Bit Server VM (25.152-b02 mixed mode windows-amd64 compressed oops)
Heap:
 PSYoungGen      total 196096K, used 99714K [0x00000000e0000000, 0x00000000ee680000, 0x0000000100000000)
  eden space 177152K, 56% used [0x00000000e0000000,0x00000000e6160b30,0x00000000ead00000)
  from space 18944K, 0% used [0x00000000ec600000,0x00000000ec600000,0x00000000ed880000)
  to   space 25600K, 0% used [0x00000000ead00000,0x00000000ead00000,0x00000000ec600000)
 ParOldGen       total 157696K, used 42913K [0x00000000a0000000, 0x00000000a9a00000, 0x00000000e0000000)
  object space 157696K, 27% used [0x00000000a0000000,0x00000000a29e86c0,0x00000000a9a00000)
 Metaspace       used 58718K, capacity 60516K, committed 60800K, reserved 1101824K
  class space    used 7861K, capacity 8276K, committed 8320K, reserved 1048576K
GC Heap History (10 events):
Event: 10.947 GC heap before
{Heap before GC invocations=9 (full 2):
 PSYoungGen      total 141312K, used 10217K [0x00000000e0000000, 0x00000000eb080000, 0x0000000100000000)
  eden space 131072K, 0% used [0x00000000e0000000,0x00000000e0000000,0x00000000e8000000)
  from space 10240K, 99% used [0x00000000e8000000,0x00000000e89fa638,0x00000000e8a00000)
  to   space 12800K, 0% used [0x00000000ea400000,0x00000000ea400000,0x00000000eb080000)
 ParOldGen       total 59904K, used 11256K [0x00000000a0000000, 0x00000000a3a80000, 0x00000000e0000000)
  object space 59904K, 18% used [0x00000000a0000000,0x00000000a0afe260,0x00000000a3a80000)
 Metaspace       used 34528K, capacity 35208K, committed 35416K, reserved 1079296K
  class space    used 4760K, capacity 4994K, committed 5120K, reserved 1048576K
Event: 11.099 GC heap after
Heap after GC invocations=9 (full 2):
 PSYoungGen      total 141312K, used 0K [0x00000000e0000000, 0x00000000eb080000, 0x0000000100000000)
  eden space 131072K, 0% used [0x00000000e0000000,0x00000000e0000000,0x00000000e8000000)
  from space 10240K, 0% used [0x00000000e8000000,0x00000000e8000000,0x00000000e8a00000)
  to   space 12800K, 0% used [0x00000000ea400000,0x00000000ea400000,0x00000000eb080000)
 ParOldGen       total 100864K, used 19912K [0x00000000a0000000, 0x00000000a6280000, 0x00000000e0000000)
  object space 100864K, 19% used [0x00000000a0000000,0x00000000a1372140,0x00000000a6280000)
 Metaspace       used 34528K, capacity 35208K, committed 35416K, reserved 1079296K
  class space    used 4760K, capacity 4994K, committed 5120K, reserved 1048576K
}
Event: 14.416 GC heap before
{Heap before GC invocations=10 (full 2):
 PSYoungGen      total 141312K, used 131072K [0x00000000e0000000, 0x00000000eb080000, 0x0000000100000000)
  eden space 131072K, 100% used [0x00000000e0000000,0x00000000e8000000,0x00000000e8000000)
  from space 10240K, 0% used [0x00000000e8000000,0x00000000e8000000,0x00000000e8a00000)
  to   space 12800K, 0% used [0x00000000ea400000,0x00000000ea400000,0x00000000eb080000)
 ParOldGen       total 100864K, used 19912K [0x00000000a0000000, 0x00000000a6280000, 0x00000000e0000000)
  object space 100864K, 19% used [0x00000000a0000000,0x00000000a1372140,0x00000000a6280000)
 Metaspace       used 42955K, capacity 43862K, committed 44032K, reserved 1087488K
  class space    used 5853K, capacity 6133K, committed 6144K, reserved 1048576K
Event: 14.441 GC heap after
Heap after GC invocations=10 (full 2):
 PSYoungGen      total 165376K, used 12778K [0x00000000e0000000, 0x00000000ecd80000, 0x0000000100000000)
  eden space 152576K, 0% used [0x00000000e0000000,0x00000000e0000000,0x00000000e9500000)
  from space 12800K, 99% used [0x00000000ea400000,0x00000000eb07a900,0x00000000eb080000)
  to   space 15360K, 0% used [0x00000000e9500000,0x00000000e9500000,0x00000000ea400000)
 ParOldGen       total 100864K, used 21327K [0x00000000a0000000, 0x00000000a6280000, 0x00000000e0000000)
  object space 100864K, 21% used [0x00000000a0000000,0x00000000a14d3dd0,0x00000000a6280000)
 Metaspace       used 42955K, capacity 43862K, committed 44032K, reserved 1087488K
  class space    used 5853K, capacity 6133K, committed 6144K, reserved 1048576K
}
Event: 18.998 GC heap before
{Heap before GC invocations=11 (full 2):
 PSYoungGen      total 165376K, used 165354K [0x00000000e0000000, 0x00000000ecd80000, 0x0000000100000000)
  eden space 152576K, 100% used [0x00000000e0000000,0x00000000e9500000,0x00000000e9500000)
  from space 12800K, 99% used [0x00000000ea400000,0x00000000eb07a900,0x00000000eb080000)
  to   space 15360K, 0% used [0x00000000e9500000,0x00000000e9500000,0x00000000ea400000)
 ParOldGen       total 100864K, used 21327K [0x00000000a0000000, 0x00000000a6280000, 0x00000000e0000000)
  object space 100864K, 21% used [0x00000000a0000000,0x00000000a14d3dd0,0x00000000a6280000)
 Metaspace       used 53150K, capacity 54840K, committed 55040K, reserved 1097728K
  class space    used 7219K, capacity 7610K, committed 7680K, reserved 1048576K
Event: 19.026 GC heap after
Heap after GC invocations=11 (full 2):
 PSYoungGen      total 167936K, used 15336K [0x00000000e0000000, 0x00000000ed880000, 0x0000000100000000)
  eden space 152576K, 0% used [0x00000000e0000000,0x00000000e0000000,0x00000000e9500000)
  from space 15360K, 99% used [0x00000000e9500000,0x00000000ea3fa1e0,0x00000000ea400000)
  to   space 18944K, 0% used [0x00000000ec600000,0x00000000ec600000,0x00000000ed880000)
 ParOldGen       total 100864K, used 26175K [0x00000000a0000000, 0x00000000a6280000, 0x00000000e0000000)
  object space 100864K, 25% used [0x00000000a0000000,0x00000000a198ff88,0x00000000a6280000)
 Metaspace       used 53150K, capacity 54840K, committed 55040K, reserved 1097728K
  class space    used 7219K, capacity 7610K, committed 7680K, reserved 1048576K
}
Event: 25.400 GC heap before
{Heap before GC invocations=12 (full 2):
 PSYoungGen      total 167936K, used 155675K [0x00000000e0000000, 0x00000000ed880000, 0x0000000100000000)
  eden space 152576K, 91% used [0x00000000e0000000,0x00000000e890cbf0,0x00000000e9500000)
  from space 15360K, 99% used [0x00000000e9500000,0x00000000ea3fa1e0,0x00000000ea400000)
  to   space 18944K, 0% used [0x00000000ec600000,0x00000000ec600000,0x00000000ed880000)
 ParOldGen       total 100864K, used 26175K [0x00000000a0000000, 0x00000000a6280000, 0x00000000e0000000)
  object space 100864K, 25% used [0x00000000a0000000,0x00000000a198ff88,0x00000000a6280000)
 Metaspace       used 57122K, capacity 58902K, committed 59028K, reserved 1099776K
  class space    used 7690K, capacity 8117K, committed 8192K, reserved 1048576K
Event: 25.488 GC heap after
Heap after GC invocations=12 (full 2):
 PSYoungGen      total 196096K, used 18940K [0x00000000e0000000, 0x00000000ee680000, 0x0000000100000000)
  eden space 177152K, 0% used [0x00000000e0000000,0x00000000e0000000,0x00000000ead00000)
  from space 18944K, 99% used [0x00000000ec600000,0x00000000ed87f150,0x00000000ed880000)
  to   space 25600K, 0% used [0x00000000ead00000,0x00000000ead00000,0x00000000ec600000)
 ParOldGen       total 100864K, used 36597K [0x00000000a0000000, 0x00000000a6280000, 0x00000000e0000000)
  object space 100864K, 36% used [0x00000000a0000000,0x00000000a23bd638,0x00000000a6280000)
 Metaspace       used 57122K, capacity 58902K, committed 59028K, reserved 1099776K
  class space    used 7690K, capacity 8117K, committed 8192K, reserved 1048576K
}
Event: 25.488 GC heap before
{Heap before GC invocations=13 (full 3):
 PSYoungGen      total 196096K, used 18940K [0x00000000e0000000, 0x00000000ee680000, 0x0000000100000000)
  eden space 177152K, 0% used [0x00000000e0000000,0x00000000e0000000,0x00000000ead00000)
  from space 18944K, 99% used [0x00000000ec600000,0x00000000ed87f150,0x00000000ed880000)
  to   space 25600K, 0% used [0x00000000ead00000,0x00000000ead00000,0x00000000ec600000)
 ParOldGen       total 100864K, used 36597K [0x00000000a0000000, 0x00000000a6280000, 0x00000000e0000000)
  object space 100864K, 36% used [0x00000000a0000000,0x00000000a23bd638,0x00000000a6280000)
 Metaspace       used 57122K, capacity 58902K, committed 59028K, reserved 1099776K
  class space    used 7690K, capacity 8117K, committed 8192K, reserved 1048576K
Event: 25.879 GC heap after
Heap after GC invocations=13 (full 3):
 PSYoungGen      total 196096K, used 0K [0x00000000e0000000, 0x00000000ee680000, 0x0000000100000000)
  eden space 177152K, 0% used [0x00000000e0000000,0x00000000e0000000,0x00000000ead00000)
  from space 18944K, 0% used [0x00000000ec600000,0x00000000ec600000,0x00000000ed880000)
  to   space 25600K, 0% used [0x00000000ead00000,0x00000000ead00000,0x00000000ec600000)
 ParOldGen       total 157696K, used 42913K [0x00000000a0000000, 0x00000000a9a00000, 0x00000000e0000000)
  object space 157696K, 27% used [0x00000000a0000000,0x00000000a29e86c0,0x00000000a9a00000)
 Metaspace       used 57122K, capacity 58902K, committed 59028K, reserved 1099776K
  class space    used 7690K, capacity 8117K, committed 8192K, reserved 1048576K
}

