# JRE version: OpenJDK Runtime Environment (8.0_152-b02) (build 1.8.0_152-release-1024-b02)
# Java VM: OpenJDK 64-Bit Server VM (25.152-b02 mixed mode windows-amd64 compressed oops)
Heap:
 PSYoungGen      total 281600K, used 220439K [0x00000000e0000000, 0x00000000f9280000, 0x0000000100000000)
  eden space 226304K, 72% used [0x00000000e0000000,0x00000000ea1499c0,0x00000000edd00000)
  from space 55296K, 99% used [0x00000000edd00000,0x00000000f12fc248,0x00000000f1300000)
  to   space 73728K, 0% used [0x00000000f4a80000,0x00000000f4a80000,0x00000000f9280000)
 ParOldGen       total 191488K, used 97862K [0x00000000a0000000, 0x00000000abb00000, 0x00000000e0000000)
  object space 191488K, 51% used [0x00000000a0000000,0x00000000a5f91bd8,0x00000000abb00000)
 Metaspace       used 71582K, capacity 73913K, committed 74160K, reserved 1114112K
  class space    used 8266K, capacity 8796K, committed 8880K, reserved 1048576K
GC Heap History (10 events):
Event: 2494.161 GC heap before
{Heap before GC invocations=21 (full 4):
 PSYoungGen      total 212992K, used 187292K [0x00000000e0000000, 0x00000000f0980000, 0x0000000100000000)
  eden space 169472K, 99% used [0x00000000e0000000,0x00000000ea575ee0,0x00000000ea580000)
  from space 43520K, 41% used [0x00000000edf00000,0x00000000ef0713d0,0x00000000f0980000)
  to   space 51200K, 0% used [0x00000000ea580000,0x00000000ea580000,0x00000000ed780000)
 ParOldGen       total 191488K, used 59991K [0x00000000a0000000, 0x00000000abb00000, 0x00000000e0000000)
  object space 191488K, 31% used [0x00000000a0000000,0x00000000a3a95e28,0x00000000abb00000)
 Metaspace       used 67204K, capacity 68711K, committed 69040K, reserved 1110016K
  class space    used 7913K, capacity 8257K, committed 8368K, reserved 1048576K
Event: 2494.218 GC heap after
Heap after GC invocations=21 (full 4):
 PSYoungGen      total 220672K, used 32055K [0x00000000e0000000, 0x00000000f3a00000, 0x0000000100000000)
  eden space 169472K, 0% used [0x00000000e0000000,0x00000000e0000000,0x00000000ea580000)
  from space 51200K, 62% used [0x00000000ea580000,0x00000000ec4cdf90,0x00000000ed780000)
  to   space 51712K, 0% used [0x00000000f0780000,0x00000000f0780000,0x00000000f3a00000)
 ParOldGen       total 191488K, used 66159K [0x00000000a0000000, 0x00000000abb00000, 0x00000000e0000000)
  object space 191488K, 34% used [0x00000000a0000000,0x00000000a409bfb0,0x00000000abb00000)
 Metaspace       used 67204K, capacity 68711K, committed 69040K, reserved 1110016K
  class space    used 7913K, capacity 8257K, committed 8368K, reserved 1048576K
}
Event: 2495.639 GC heap before
{Heap before GC invocations=22 (full 4):
 PSYoungGen      total 220672K, used 201527K [0x00000000e0000000, 0x00000000f3a00000, 0x0000000100000000)
  eden space 169472K, 100% used [0x00000000e0000000,0x00000000ea580000,0x00000000ea580000)
  from space 51200K, 62% used [0x00000000ea580000,0x00000000ec4cdf90,0x00000000ed780000)
  to   space 51712K, 0% used [0x00000000f0780000,0x00000000f0780000,0x00000000f3a00000)
 ParOldGen       total 191488K, used 66159K [0x00000000a0000000, 0x00000000abb00000, 0x00000000e0000000)
  object space 191488K, 34% used [0x00000000a0000000,0x00000000a409bfb0,0x00000000abb00000)
 Metaspace       used 67271K, capacity 68811K, committed 69040K, reserved 1110016K
  class space    used 7918K, capacity 8264K, committed 8368K, reserved 1048576K
Event: 2495.650 GC heap after
Heap after GC invocations=22 (full 4):
 PSYoungGen      total 232960K, used 1808K [0x00000000e0000000, 0x00000000f2900000, 0x0000000100000000)
  eden space 198656K, 0% used [0x00000000e0000000,0x00000000e0000000,0x00000000ec200000)
  from space 34304K, 5% used [0x00000000f0780000,0x00000000f0944220,0x00000000f2900000)
  to   space 52736K, 0% used [0x00000000ec200000,0x00000000ec200000,0x00000000ef580000)
 ParOldGen       total 191488K, used 71787K [0x00000000a0000000, 0x00000000abb00000, 0x00000000e0000000)
  object space 191488K, 37% used [0x00000000a0000000,0x00000000a461ae78,0x00000000abb00000)
 Metaspace       used 67271K, capacity 68811K, committed 69040K, reserved 1110016K
  class space    used 7918K, capacity 8264K, committed 8368K, reserved 1048576K
}
Event: 2499.556 GC heap before
{Heap before GC invocations=23 (full 4):
 PSYoungGen      total 232960K, used 200464K [0x00000000e0000000, 0x00000000f2900000, 0x0000000100000000)
  eden space 198656K, 100% used [0x00000000e0000000,0x00000000ec200000,0x00000000ec200000)
  from space 34304K, 5% used [0x00000000f0780000,0x00000000f0944220,0x00000000f2900000)
  to   space 52736K, 0% used [0x00000000ec200000,0x00000000ec200000,0x00000000ef580000)
 ParOldGen       total 191488K, used 71787K [0x00000000a0000000, 0x00000000abb00000, 0x00000000e0000000)
  object space 191488K, 37% used [0x00000000a0000000,0x00000000a461ae78,0x00000000abb00000)
 Metaspace       used 68283K, capacity 69869K, committed 70064K, reserved 1112064K
  class space    used 7961K, capacity 8309K, committed 8368K, reserved 1048576K
Event: 2499.621 GC heap after
Heap after GC invocations=23 (full 4):
 PSYoungGen      total 251392K, used 42361K [0x00000000e0000000, 0x00000000f5200000, 0x0000000100000000)
  eden space 198656K, 0% used [0x00000000e0000000,0x00000000e0000000,0x00000000ec200000)
  from space 52736K, 80% used [0x00000000ec200000,0x00000000eeb5e4b0,0x00000000ef580000)
  to   space 57344K, 0% used [0x00000000f1a00000,0x00000000f1a00000,0x00000000f5200000)
 ParOldGen       total 191488K, used 71795K [0x00000000a0000000, 0x00000000abb00000, 0x00000000e0000000)
  object space 191488K, 37% used [0x00000000a0000000,0x00000000a461ce78,0x00000000abb00000)
 Metaspace       used 68283K, capacity 69869K, committed 70064K, reserved 1112064K
  class space    used 7961K, capacity 8309K, committed 8368K, reserved 1048576K
}
Event: 2565.528 GC heap before
{Heap before GC invocations=24 (full 4):
 PSYoungGen      total 251392K, used 241017K [0x00000000e0000000, 0x00000000f5200000, 0x0000000100000000)
  eden space 198656K, 100% used [0x00000000e0000000,0x00000000ec200000,0x00000000ec200000)
  from space 52736K, 80% used [0x00000000ec200000,0x00000000eeb5e4b0,0x00000000ef580000)
  to   space 57344K, 0% used [0x00000000f1a00000,0x00000000f1a00000,0x00000000f5200000)
 ParOldGen       total 191488K, used 71795K [0x00000000a0000000, 0x00000000abb00000, 0x00000000e0000000)
  object space 191488K, 37% used [0x00000000a0000000,0x00000000a461ce78,0x00000000abb00000)
 Metaspace       used 70085K, capacity 72075K, committed 72112K, reserved 1112064K
  class space    used 8137K, capacity 8600K, committed 8624K, reserved 1048576K
Event: 2565.568 GC heap after
Heap after GC invocations=24 (full 4):
 PSYoungGen      total 274432K, used 15622K [0x00000000e0000000, 0x00000000f4900000, 0x0000000100000000)
  eden space 226304K, 0% used [0x00000000e0000000,0x00000000e0000000,0x00000000edd00000)
  from space 48128K, 32% used [0x00000000f1a00000,0x00000000f2941aa0,0x00000000f4900000)
  to   space 55296K, 0% used [0x00000000edd00000,0x00000000edd00000,0x00000000f1300000)
 ParOldGen       total 191488K, used 71803K [0x00000000a0000000, 0x00000000abb00000, 0x00000000e0000000)
  object space 191488K, 37% used [0x00000000a0000000,0x00000000a461ee78,0x00000000abb00000)
 Metaspace       used 70085K, capacity 72075K, committed 72112K, reserved 1112064K
  class space    used 8137K, capacity 8600K, committed 8624K, reserved 1048576K
}
Event: 2569.360 GC heap before
{Heap before GC invocations=25 (full 4):
 PSYoungGen      total 274432K, used 241926K [0x00000000e0000000, 0x00000000f4900000, 0x0000000100000000)
  eden space 226304K, 100% used [0x00000000e0000000,0x00000000edd00000,0x00000000edd00000)
  from space 48128K, 32% used [0x00000000f1a00000,0x00000000f2941aa0,0x00000000f4900000)
  to   space 55296K, 0% used [0x00000000edd00000,0x00000000edd00000,0x00000000f1300000)
 ParOldGen       total 191488K, used 71803K [0x00000000a0000000, 0x00000000abb00000, 0x00000000e0000000)
  object space 191488K, 37% used [0x00000000a0000000,0x00000000a461ee78,0x00000000abb00000)
 Metaspace       used 70679K, capacity 72841K, committed 73008K, reserved 1114112K
  class space    used 8202K, capacity 8684K, committed 8752K, reserved 1048576K
Event: 2569.528 GC heap after
Heap after GC invocations=25 (full 4):
 PSYoungGen      total 281600K, used 55280K [0x00000000e0000000, 0x00000000f9280000, 0x0000000100000000)
  eden space 226304K, 0% used [0x00000000e0000000,0x00000000e0000000,0x00000000edd00000)
  from space 55296K, 99% used [0x00000000edd00000,0x00000000f12fc248,0x00000000f1300000)
  to   space 73728K, 0% used [0x00000000f4a80000,0x00000000f4a80000,0x00000000f9280000)
 ParOldGen       total 191488K, used 97862K [0x00000000a0000000, 0x00000000abb00000, 0x00000000e0000000)
  object space 191488K, 51% used [0x00000000a0000000,0x00000000a5f91bd8,0x00000000abb00000)
 Metaspace       used 70679K, capacity 72841K, committed 73008K, reserved 1114112K
  class space    used 8202K, capacity 8684K, committed 8752K, reserved 1048576K
}

