# JRE version: OpenJDK Runtime Environment (8.0_152-b02) (build 1.8.0_152-release-1024-b02)
# Java VM: OpenJDK 64-Bit Server VM (25.152-b02 mixed mode windows-amd64 compressed oops)
Heap:
 PSYoungGen      total 225792K, used 82347K [0x00000000e0000000, 0x00000000ef500000, 0x0000000100000000)
  eden space 205312K, 40% used [0x00000000e0000000,0x00000000e506ae20,0x00000000ec880000)
  from space 20480K, 0% used [0x00000000ec880000,0x00000000ec880000,0x00000000edc80000)
  to   space 19456K, 0% used [0x00000000edc80000,0x00000000edc80000,0x00000000eef80000)
 ParOldGen       total 134656K, used 37464K [0x00000000a0000000, 0x00000000a8380000, 0x00000000e0000000)
  object space 134656K, 27% used [0x00000000a0000000,0x00000000a2496228,0x00000000a8380000)
 Metaspace       used 58322K, capacity 60442K, committed 60672K, reserved 1101824K
  class space    used 7881K, capacity 8342K, committed 8448K, reserved 1048576K
GC Heap History (10 events):
Event: 10.973 GC heap before
{Heap before GC invocations=10 (full 2):
 PSYoungGen      total 140288K, used 130048K [0x00000000e0000000, 0x00000000ebc00000, 0x0000000100000000)
  eden space 130048K, 100% used [0x00000000e0000000,0x00000000e7f00000,0x00000000e7f00000)
  from space 10240K, 0% used [0x00000000e7f00000,0x00000000e7f00000,0x00000000e8900000)
  to   space 12800K, 0% used [0x00000000eaf80000,0x00000000eaf80000,0x00000000ebc00000)
 ParOldGen       total 98304K, used 19903K [0x00000000a0000000, 0x00000000a6000000, 0x00000000e0000000)
  object space 98304K, 20% used [0x00000000a0000000,0x00000000a136fce8,0x00000000a6000000)
 Metaspace       used 42986K, capacity 43936K, committed 44160K, reserved 1087488K
  class space    used 5884K, capacity 6161K, committed 6272K, reserved 1048576K
Event: 11.029 GC heap after
Heap after GC invocations=10 (full 2):
 PSYoungGen      total 177664K, used 12790K [0x00000000e0000000, 0x00000000ed300000, 0x0000000100000000)
  eden space 164864K, 0% used [0x00000000e0000000,0x00000000e0000000,0x00000000ea100000)
  from space 12800K, 99% used [0x00000000eaf80000,0x00000000ebbfd9f8,0x00000000ebc00000)
  to   space 14848K, 0% used [0x00000000ea100000,0x00000000ea100000,0x00000000eaf80000)
 ParOldGen       total 98304K, used 21179K [0x00000000a0000000, 0x00000000a6000000, 0x00000000e0000000)
  object space 98304K, 21% used [0x00000000a0000000,0x00000000a14aeea8,0x00000000a6000000)
 Metaspace       used 42986K, capacity 43936K, committed 44160K, reserved 1087488K
  class space    used 5884K, capacity 6161K, committed 6272K, reserved 1048576K
}
Event: 13.951 GC heap before
{Heap before GC invocations=11 (full 2):
 PSYoungGen      total 177664K, used 177654K [0x00000000e0000000, 0x00000000ed300000, 0x0000000100000000)
  eden space 164864K, 100% used [0x00000000e0000000,0x00000000ea100000,0x00000000ea100000)
  from space 12800K, 99% used [0x00000000eaf80000,0x00000000ebbfd9f8,0x00000000ebc00000)
  to   space 14848K, 0% used [0x00000000ea100000,0x00000000ea100000,0x00000000eaf80000)
 ParOldGen       total 98304K, used 21179K [0x00000000a0000000, 0x00000000a6000000, 0x00000000e0000000)
  object space 98304K, 21% used [0x00000000a0000000,0x00000000a14aeea8,0x00000000a6000000)
 Metaspace       used 53889K, capacity 55530K, committed 55680K, reserved 1097728K
  class space    used 7348K, capacity 7774K, committed 7808K, reserved 1048576K
Event: 13.987 GC heap after
Heap after GC invocations=11 (full 2):
 PSYoungGen      total 179712K, used 14830K [0x00000000e0000000, 0x00000000eef80000, 0x0000000100000000)
  eden space 164864K, 0% used [0x00000000e0000000,0x00000000e0000000,0x00000000ea100000)
  from space 14848K, 99% used [0x00000000ea100000,0x00000000eaf7bb88,0x00000000eaf80000)
  to   space 19456K, 0% used [0x00000000edc80000,0x00000000edc80000,0x00000000eef80000)
 ParOldGen       total 98304K, used 28036K [0x00000000a0000000, 0x00000000a6000000, 0x00000000e0000000)
  object space 98304K, 28% used [0x00000000a0000000,0x00000000a1b61048,0x00000000a6000000)
 Metaspace       used 53889K, capacity 55530K, committed 55680K, reserved 1097728K
  class space    used 7348K, capacity 7774K, committed 7808K, reserved 1048576K
}
Event: 17.427 GC heap before
{Heap before GC invocations=12 (full 2):
 PSYoungGen      total 179712K, used 179694K [0x00000000e0000000, 0x00000000eef80000, 0x0000000100000000)
  eden space 164864K, 100% used [0x00000000e0000000,0x00000000ea100000,0x00000000ea100000)
  from space 14848K, 99% used [0x00000000ea100000,0x00000000eaf7bb88,0x00000000eaf80000)
  to   space 19456K, 0% used [0x00000000edc80000,0x00000000edc80000,0x00000000eef80000)
 ParOldGen       total 98304K, used 28036K [0x00000000a0000000, 0x00000000a6000000, 0x00000000e0000000)
  object space 98304K, 28% used [0x00000000a0000000,0x00000000a1b61048,0x00000000a6000000)
 Metaspace       used 56900K, capacity 58880K, committed 59008K, reserved 1099776K
  class space    used 7727K, capacity 8195K, committed 8320K, reserved 1048576K
Event: 17.520 GC heap after
Heap after GC invocations=12 (full 2):
 PSYoungGen      total 224768K, used 14727K [0x00000000e0000000, 0x00000000ef500000, 0x0000000100000000)
  eden space 205312K, 0% used [0x00000000e0000000,0x00000000e0000000,0x00000000ec880000)
  from space 19456K, 75% used [0x00000000edc80000,0x00000000eeae1c18,0x00000000eef80000)
  to   space 20480K, 0% used [0x00000000ec880000,0x00000000ec880000,0x00000000edc80000)
 ParOldGen       total 98304K, used 36166K [0x00000000a0000000, 0x00000000a6000000, 0x00000000e0000000)
  object space 98304K, 36% used [0x00000000a0000000,0x00000000a2351a00,0x00000000a6000000)
 Metaspace       used 56900K, capacity 58880K, committed 59008K, reserved 1099776K
  class space    used 7727K, capacity 8195K, committed 8320K, reserved 1048576K
}
Event: 17.744 GC heap before
{Heap before GC invocations=13 (full 2):
 PSYoungGen      total 224768K, used 59548K [0x00000000e0000000, 0x00000000ef500000, 0x0000000100000000)
  eden space 205312K, 21% used [0x00000000e0000000,0x00000000e2bc5750,0x00000000ec880000)
  from space 19456K, 75% used [0x00000000edc80000,0x00000000eeae1c18,0x00000000eef80000)
  to   space 20480K, 0% used [0x00000000ec880000,0x00000000ec880000,0x00000000edc80000)
 ParOldGen       total 98304K, used 36166K [0x00000000a0000000, 0x00000000a6000000, 0x00000000e0000000)
  object space 98304K, 36% used [0x00000000a0000000,0x00000000a2351a00,0x00000000a6000000)
 Metaspace       used 56947K, capacity 58904K, committed 59028K, reserved 1099776K
  class space    used 7734K, capacity 8199K, committed 8320K, reserved 1048576K
Event: 17.774 GC heap after
Heap after GC invocations=13 (full 2):
 PSYoungGen      total 225792K, used 15651K [0x00000000e0000000, 0x00000000ef500000, 0x0000000100000000)
  eden space 205312K, 0% used [0x00000000e0000000,0x00000000e0000000,0x00000000ec880000)
  from space 20480K, 76% used [0x00000000ec880000,0x00000000ed7c8e38,0x00000000edc80000)
  to   space 19456K, 0% used [0x00000000edc80000,0x00000000edc80000,0x00000000eef80000)
 ParOldGen       total 98304K, used 36246K [0x00000000a0000000, 0x00000000a6000000, 0x00000000e0000000)
  object space 98304K, 36% used [0x00000000a0000000,0x00000000a2365a10,0x00000000a6000000)
 Metaspace       used 56947K, capacity 58904K, committed 59028K, reserved 1099776K
  class space    used 7734K, capacity 8199K, committed 8320K, reserved 1048576K
}
Event: 17.774 GC heap before
{Heap before GC invocations=14 (full 3):
 PSYoungGen      total 225792K, used 15651K [0x00000000e0000000, 0x00000000ef500000, 0x0000000100000000)
  eden space 205312K, 0% used [0x00000000e0000000,0x00000000e0000000,0x00000000ec880000)
  from space 20480K, 76% used [0x00000000ec880000,0x00000000ed7c8e38,0x00000000edc80000)
  to   space 19456K, 0% used [0x00000000edc80000,0x00000000edc80000,0x00000000eef80000)
 ParOldGen       total 98304K, used 36246K [0x00000000a0000000, 0x00000000a6000000, 0x00000000e0000000)
  object space 98304K, 36% used [0x00000000a0000000,0x00000000a2365a10,0x00000000a6000000)
 Metaspace       used 56947K, capacity 58904K, committed 59028K, reserved 1099776K
  class space    used 7734K, capacity 8199K, committed 8320K, reserved 1048576K
Event: 18.026 GC heap after
Heap after GC invocations=14 (full 3):
 PSYoungGen      total 225792K, used 0K [0x00000000e0000000, 0x00000000ef500000, 0x0000000100000000)
  eden space 205312K, 0% used [0x00000000e0000000,0x00000000e0000000,0x00000000ec880000)
  from space 20480K, 0% used [0x00000000ec880000,0x00000000ec880000,0x00000000edc80000)
  to   space 19456K, 0% used [0x00000000edc80000,0x00000000edc80000,0x00000000eef80000)
 ParOldGen       total 134656K, used 37464K [0x00000000a0000000, 0x00000000a8380000, 0x00000000e0000000)
  object space 134656K, 27% used [0x00000000a0000000,0x00000000a2496228,0x00000000a8380000)
 Metaspace       used 56947K, capacity 58904K, committed 59028K, reserved 1099776K
  class space    used 7734K, capacity 8199K, committed 8320K, reserved 1048576K
}

