# JRE version: OpenJDK Runtime Environment (8.0_152-b02) (build 1.8.0_152-release-1024-b02)
# Java VM: OpenJDK 64-Bit Server VM (25.152-b02 mixed mode windows-amd64 compressed oops)
Heap:
 PSYoungGen      total 235008K, used 208050K [0x00000000e0000000, 0x00000000efe80000, 0x0000000100000000)
  eden space 215552K, 87% used [0x00000000e0000000,0x00000000eb830d70,0x00000000ed280000)
  from space 19456K, 99% used [0x00000000eea00000,0x00000000efcfbc38,0x00000000efd00000)
  to   space 22528K, 0% used [0x00000000ed280000,0x00000000ed280000,0x00000000ee880000)
 ParOldGen       total 98816K, used 37389K [0x00000000a0000000, 0x00000000a6080000, 0x00000000e0000000)
  object space 98816K, 37% used [0x00000000a0000000,0x00000000a24834c0,0x00000000a6080000)
 Metaspace       used 75444K, capacity 77824K, committed 78208K, reserved 1118208K
  class space    used 9768K, capacity 10271K, committed 10368K, reserved 1048576K
GC Heap History (10 events):
Event: 11.935 GC heap before
{Heap before GC invocations=11 (full 2):
 PSYoungGen      total 164864K, used 164852K [0x00000000e0000000, 0x00000000ed180000, 0x0000000100000000)
  eden space 152064K, 100% used [0x00000000e0000000,0x00000000e9480000,0x00000000e9480000)
  from space 12800K, 99% used [0x00000000ea300000,0x00000000eaf7d2a0,0x00000000eaf80000)
  to   space 14848K, 0% used [0x00000000e9480000,0x00000000e9480000,0x00000000ea300000)
 ParOldGen       total 98816K, used 21238K [0x00000000a0000000, 0x00000000a6080000, 0x00000000e0000000)
  object space 98816K, 21% used [0x00000000a0000000,0x00000000a14bda58,0x00000000a6080000)
 Metaspace       used 53142K, capacity 54796K, committed 55040K, reserved 1097728K
  class space    used 7253K, capacity 7640K, committed 7680K, reserved 1048576K
Event: 11.961 GC heap after
Heap after GC invocations=11 (full 2):
 PSYoungGen      total 166912K, used 14827K [0x00000000e0000000, 0x00000000edc00000, 0x0000000100000000)
  eden space 152064K, 0% used [0x00000000e0000000,0x00000000e0000000,0x00000000e9480000)
  from space 14848K, 99% used [0x00000000e9480000,0x00000000ea2faec0,0x00000000ea300000)
  to   space 18944K, 0% used [0x00000000ec980000,0x00000000ec980000,0x00000000edc00000)
 ParOldGen       total 98816K, used 26546K [0x00000000a0000000, 0x00000000a6080000, 0x00000000e0000000)
  object space 98816K, 26% used [0x00000000a0000000,0x00000000a19ecb40,0x00000000a6080000)
 Metaspace       used 53142K, capacity 54796K, committed 55040K, reserved 1097728K
  class space    used 7253K, capacity 7640K, committed 7680K, reserved 1048576K
}
Event: 14.253 GC heap before
{Heap before GC invocations=12 (full 2):
 PSYoungGen      total 166912K, used 98501K [0x00000000e0000000, 0x00000000edc00000, 0x0000000100000000)
  eden space 152064K, 55% used [0x00000000e0000000,0x00000000e51b6680,0x00000000e9480000)
  from space 14848K, 99% used [0x00000000e9480000,0x00000000ea2faec0,0x00000000ea300000)
  to   space 18944K, 0% used [0x00000000ec980000,0x00000000ec980000,0x00000000edc00000)
 ParOldGen       total 98816K, used 26546K [0x00000000a0000000, 0x00000000a6080000, 0x00000000e0000000)
  object space 98816K, 26% used [0x00000000a0000000,0x00000000a19ecb40,0x00000000a6080000)
 Metaspace       used 57136K, capacity 58850K, committed 59008K, reserved 1099776K
  class space    used 7784K, capacity 8210K, committed 8320K, reserved 1048576K
Event: 14.298 GC heap after
Heap after GC invocations=12 (full 2):
 PSYoungGen      total 205824K, used 13999K [0x00000000e0000000, 0x00000000ede80000, 0x0000000100000000)
  eden space 186880K, 0% used [0x00000000e0000000,0x00000000e0000000,0x00000000eb680000)
  from space 18944K, 73% used [0x00000000ec980000,0x00000000ed72bf68,0x00000000edc00000)
  to   space 19456K, 0% used [0x00000000eb680000,0x00000000eb680000,0x00000000ec980000)
 ParOldGen       total 98816K, used 34693K [0x00000000a0000000, 0x00000000a6080000, 0x00000000e0000000)
  object space 98816K, 35% used [0x00000000a0000000,0x00000000a21e14f8,0x00000000a6080000)
 Metaspace       used 57136K, capacity 58850K, committed 59008K, reserved 1099776K
  class space    used 7784K, capacity 8210K, committed 8320K, reserved 1048576K
}
Event: 14.298 GC heap before
{Heap before GC invocations=13 (full 3):
 PSYoungGen      total 205824K, used 13999K [0x00000000e0000000, 0x00000000ede80000, 0x0000000100000000)
  eden space 186880K, 0% used [0x00000000e0000000,0x00000000e0000000,0x00000000eb680000)
  from space 18944K, 73% used [0x00000000ec980000,0x00000000ed72bf68,0x00000000edc00000)
  to   space 19456K, 0% used [0x00000000eb680000,0x00000000eb680000,0x00000000ec980000)
 ParOldGen       total 98816K, used 34693K [0x00000000a0000000, 0x00000000a6080000, 0x00000000e0000000)
  object space 98816K, 35% used [0x00000000a0000000,0x00000000a21e14f8,0x00000000a6080000)
 Metaspace       used 57136K, capacity 58850K, committed 59008K, reserved 1099776K
  class space    used 7784K, capacity 8210K, committed 8320K, reserved 1048576K
Event: 14.583 GC heap after
Heap after GC invocations=13 (full 3):
 PSYoungGen      total 205824K, used 0K [0x00000000e0000000, 0x00000000ede80000, 0x0000000100000000)
  eden space 186880K, 0% used [0x00000000e0000000,0x00000000e0000000,0x00000000eb680000)
  from space 18944K, 0% used [0x00000000ec980000,0x00000000ec980000,0x00000000edc00000)
  to   space 19456K, 0% used [0x00000000eb680000,0x00000000eb680000,0x00000000ec980000)
 ParOldGen       total 98816K, used 35711K [0x00000000a0000000, 0x00000000a6080000, 0x00000000e0000000)
  object space 98816K, 36% used [0x00000000a0000000,0x00000000a22dfd30,0x00000000a6080000)
 Metaspace       used 57136K, capacity 58850K, committed 59008K, reserved 1099776K
  class space    used 7784K, capacity 8210K, committed 8320K, reserved 1048576K
}
Event: 127.039 GC heap before
{Heap before GC invocations=14 (full 3):
 PSYoungGen      total 205824K, used 186880K [0x00000000e0000000, 0x00000000ede80000, 0x0000000100000000)
  eden space 186880K, 100% used [0x00000000e0000000,0x00000000eb680000,0x00000000eb680000)
  from space 18944K, 0% used [0x00000000ec980000,0x00000000ec980000,0x00000000edc00000)
  to   space 19456K, 0% used [0x00000000eb680000,0x00000000eb680000,0x00000000ec980000)
 ParOldGen       total 98816K, used 35711K [0x00000000a0000000, 0x00000000a6080000, 0x00000000e0000000)
  object space 98816K, 36% used [0x00000000a0000000,0x00000000a22dfd30,0x00000000a6080000)
 Metaspace       used 64900K, capacity 66802K, committed 66944K, reserved 1107968K
  class space    used 8634K, capacity 9078K, committed 9088K, reserved 1048576K
Event: 127.060 GC heap after
Heap after GC invocations=14 (full 3):
 PSYoungGen      total 206336K, used 12328K [0x00000000e0000000, 0x00000000efd00000, 0x0000000100000000)
  eden space 186880K, 0% used [0x00000000e0000000,0x00000000e0000000,0x00000000eb680000)
  from space 19456K, 63% used [0x00000000eb680000,0x00000000ec28a2e0,0x00000000ec980000)
  to   space 19456K, 0% used [0x00000000eea00000,0x00000000eea00000,0x00000000efd00000)
 ParOldGen       total 98816K, used 35719K [0x00000000a0000000, 0x00000000a6080000, 0x00000000e0000000)
  object space 98816K, 36% used [0x00000000a0000000,0x00000000a22e1d30,0x00000000a6080000)
 Metaspace       used 64900K, capacity 66802K, committed 66944K, reserved 1107968K
  class space    used 8634K, capacity 9078K, committed 9088K, reserved 1048576K
}
Event: 136.806 GC heap before
{Heap before GC invocations=15 (full 3):
 PSYoungGen      total 206336K, used 198927K [0x00000000e0000000, 0x00000000efd00000, 0x0000000100000000)
  eden space 186880K, 99% used [0x00000000e0000000,0x00000000eb639a48,0x00000000eb680000)
  from space 19456K, 63% used [0x00000000eb680000,0x00000000ec28a2e0,0x00000000ec980000)
  to   space 19456K, 0% used [0x00000000eea00000,0x00000000eea00000,0x00000000efd00000)
 ParOldGen       total 98816K, used 35719K [0x00000000a0000000, 0x00000000a6080000, 0x00000000e0000000)
  object space 98816K, 36% used [0x00000000a0000000,0x00000000a22e1d30,0x00000000a6080000)
 Metaspace       used 69173K, capacity 71302K, committed 71552K, reserved 1112064K
  class space    used 9052K, capacity 9530K, committed 9600K, reserved 1048576K
Event: 136.836 GC heap after
Heap after GC invocations=15 (full 3):
 PSYoungGen      total 235008K, used 19439K [0x00000000e0000000, 0x00000000efe80000, 0x0000000100000000)
  eden space 215552K, 0% used [0x00000000e0000000,0x00000000e0000000,0x00000000ed280000)
  from space 19456K, 99% used [0x00000000eea00000,0x00000000efcfbc38,0x00000000efd00000)
  to   space 22528K, 0% used [0x00000000ed280000,0x00000000ed280000,0x00000000ee880000)
 ParOldGen       total 98816K, used 37389K [0x00000000a0000000, 0x00000000a6080000, 0x00000000e0000000)
  object space 98816K, 37% used [0x00000000a0000000,0x00000000a24834c0,0x00000000a6080000)
 Metaspace       used 69173K, capacity 71302K, committed 71552K, reserved 1112064K
  class space    used 9052K, capacity 9530K, committed 9600K, reserved 1048576K
}

